{"/Users/umangagarwal/Downloads/e-voting/src/evoting_localstorage/verification_server/index.js": {"path":"/Users/umangagarwal/Downloads/e-voting/src/evoting_localstorage/verification_server/index.js","statementMap":{"0":{"start":{"line":1,"column":14},"end":{"line":1,"column":32}},"1":{"start":{"line":2,"column":11},"end":{"line":2,"column":26}},"2":{"start":{"line":3,"column":17},"end":{"line":3,"column":39}},"3":{"start":{"line":4,"column":16},"end":{"line":4,"column":35}},"4":{"start":{"line":5,"column":11},"end":{"line":5,"column":15}},"5":{"start":{"line":7,"column":10},"end":{"line":7,"column":19}},"6":{"start":{"line":9,"column":0},"end":{"line":9,"column":16}},"7":{"start":{"line":11,"column":0},"end":{"line":11,"column":24}},"8":{"start":{"line":14,"column":17},"end":{"line":14,"column":47}},"9":{"start":{"line":16,"column":0},"end":{"line":16,"column":26}},"10":{"start":{"line":17,"column":0},"end":{"line":17,"column":19}},"11":{"start":{"line":19,"column":0},"end":{"line":19,"column":26}},"12":{"start":{"line":21,"column":0},"end":{"line":25,"column":2}},"13":{"start":{"line":23,"column":4},"end":{"line":23,"column":25}},"14":{"start":{"line":24,"column":4},"end":{"line":24,"column":21}},"15":{"start":{"line":27,"column":0},"end":{"line":29,"column":3}},"16":{"start":{"line":28,"column":4},"end":{"line":28,"column":46}}},"fnMap":{"0":{"name":"(anonymous_0)","decl":{"start":{"line":21,"column":13},"end":{"line":21,"column":14}},"loc":{"start":{"line":22,"column":0},"end":{"line":25,"column":1}},"line":22},"1":{"name":"(anonymous_1)","decl":{"start":{"line":27,"column":17},"end":{"line":27,"column":18}},"loc":{"start":{"line":27,"column":23},"end":{"line":29,"column":1}},"line":27}},"branchMap":{},"s":{"0":0,"1":0,"2":0,"3":0,"4":0,"5":0,"6":0,"7":0,"8":0,"9":0,"10":0,"11":0,"12":0,"13":0,"14":0,"15":0,"16":0},"f":{"0":0,"1":0},"b":{}}
,"/Users/umangagarwal/Downloads/e-voting/src/evoting_localstorage/verification_server/keys.js": {"path":"/Users/umangagarwal/Downloads/e-voting/src/evoting_localstorage/verification_server/keys.js","statementMap":{"0":{"start":{"line":1,"column":0},"end":{"line":1,"column":27}},"1":{"start":{"line":3,"column":0},"end":{"line":6,"column":2}}},"fnMap":{},"branchMap":{},"s":{"0":0,"1":0},"f":{},"b":{}}
,"/Users/umangagarwal/Downloads/e-voting/src/evoting_localstorage/verification_server/models/User.js": {"path":"/Users/umangagarwal/Downloads/e-voting/src/evoting_localstorage/verification_server/models/User.js","statementMap":{"0":{"start":{"line":1,"column":17},"end":{"line":1,"column":36}},"1":{"start":{"line":2,"column":21},"end":{"line":2,"column":39}},"2":{"start":{"line":6,"column":21},"end":{"line":9,"column":2}},"3":{"start":{"line":10,"column":0},"end":{"line":12,"column":3}},"4":{"start":{"line":11,"column":4},"end":{"line":11,"column":40}},"5":{"start":{"line":14,"column":0},"end":{"line":16,"column":3}},"6":{"start":{"line":15,"column":4},"end":{"line":15,"column":52}},"7":{"start":{"line":19,"column":20},"end":{"line":37,"column":2}},"8":{"start":{"line":40,"column":21},"end":{"line":66,"column":2}},"9":{"start":{"line":67,"column":0},"end":{"line":67,"column":72}},"10":{"start":{"line":69,"column":29},"end":{"line":78,"column":4}},"11":{"start":{"line":80,"column":17},"end":{"line":98,"column":2}},"12":{"start":{"line":100,"column":22},"end":{"line":113,"column":2}},"13":{"start":{"line":117,"column":14},"end":{"line":117,"column":54}},"14":{"start":{"line":118,"column":15},"end":{"line":118,"column":60}},"15":{"start":{"line":119,"column":11},"end":{"line":119,"column":48}},"16":{"start":{"line":120,"column":16},"end":{"line":120,"column":63}},"17":{"start":{"line":121,"column":0},"end":{"line":126,"column":2}}},"fnMap":{"0":{"name":"(anonymous_0)","decl":{"start":{"line":10,"column":29},"end":{"line":10,"column":30}},"loc":{"start":{"line":10,"column":35},"end":{"line":12,"column":1}},"line":10},"1":{"name":"(anonymous_1)","decl":{"start":{"line":14,"column":25},"end":{"line":14,"column":26}},"loc":{"start":{"line":14,"column":34},"end":{"line":16,"column":1}},"line":14}},"branchMap":{},"s":{"0":0,"1":0,"2":0,"3":0,"4":0,"5":0,"6":0,"7":0,"8":0,"9":0,"10":0,"11":0,"12":0,"13":0,"14":0,"15":0,"16":0,"17":0},"f":{"0":0,"1":0},"b":{}}
,"/Users/umangagarwal/Downloads/e-voting/src/evoting_localstorage/verification_server/routes/authRoutes.js": {"path":"/Users/umangagarwal/Downloads/e-voting/src/evoting_localstorage/verification_server/routes/authRoutes.js","statementMap":{"0":{"start":{"line":1,"column":16},"end":{"line":1,"column":34}},"1":{"start":{"line":3,"column":15},"end":{"line":3,"column":31}},"2":{"start":{"line":6,"column":13},"end":{"line":6,"column":28}},"3":{"start":{"line":7,"column":22},"end":{"line":7,"column":46}},"4":{"start":{"line":8,"column":11},"end":{"line":8,"column":24}},"5":{"start":{"line":9,"column":17},"end":{"line":9,"column":32}},"6":{"start":{"line":10,"column":13},"end":{"line":10,"column":28}},"7":{"start":{"line":11,"column":41},"end":{"line":11,"column":66}},"8":{"start":{"line":12,"column":16},"end":{"line":12,"column":63}},"9":{"start":{"line":13,"column":0},"end":{"line":13,"column":19}},"10":{"start":{"line":16,"column":23},"end":{"line":16,"column":79}},"11":{"start":{"line":17,"column":29},"end":{"line":17,"column":38}},"12":{"start":{"line":18,"column":17},"end":{"line":18,"column":67}},"13":{"start":{"line":20,"column":4},"end":{"line":20,"column":81}},"14":{"start":{"line":21,"column":26},"end":{"line":23,"column":6}},"15":{"start":{"line":25,"column":4},"end":{"line":27,"column":5}},"16":{"start":{"line":26,"column":8},"end":{"line":26,"column":34}},"17":{"start":{"line":29,"column":19},"end":{"line":29,"column":57}},"18":{"start":{"line":30,"column":19},"end":{"line":30,"column":57}},"19":{"start":{"line":32,"column":4},"end":{"line":34,"column":5}},"20":{"start":{"line":33,"column":8},"end":{"line":33,"column":48}},"21":{"start":{"line":36,"column":4},"end":{"line":43,"column":5}},"22":{"start":{"line":37,"column":23},"end":{"line":37,"column":29}},"23":{"start":{"line":38,"column":8},"end":{"line":38,"column":27}},"24":{"start":{"line":39,"column":8},"end":{"line":39,"column":24}},"25":{"start":{"line":41,"column":8},"end":{"line":41,"column":75}},"26":{"start":{"line":42,"column":8},"end":{"line":42,"column":20}},"27":{"start":{"line":48,"column":23},"end":{"line":48,"column":67}},"28":{"start":{"line":49,"column":29},"end":{"line":49,"column":38}},"29":{"start":{"line":50,"column":17},"end":{"line":50,"column":67}},"30":{"start":{"line":52,"column":4},"end":{"line":52,"column":81}},"31":{"start":{"line":53,"column":26},"end":{"line":55,"column":6}},"32":{"start":{"line":57,"column":4},"end":{"line":59,"column":5}},"33":{"start":{"line":58,"column":8},"end":{"line":58,"column":34}},"34":{"start":{"line":61,"column":19},"end":{"line":61,"column":57}},"35":{"start":{"line":62,"column":19},"end":{"line":62,"column":57}},"36":{"start":{"line":64,"column":4},"end":{"line":66,"column":5}},"37":{"start":{"line":65,"column":8},"end":{"line":65,"column":48}},"38":{"start":{"line":68,"column":4},"end":{"line":75,"column":5}},"39":{"start":{"line":69,"column":23},"end":{"line":69,"column":29}},"40":{"start":{"line":70,"column":8},"end":{"line":70,"column":27}},"41":{"start":{"line":71,"column":8},"end":{"line":71,"column":24}},"42":{"start":{"line":73,"column":8},"end":{"line":73,"column":75}},"43":{"start":{"line":74,"column":8},"end":{"line":74,"column":20}},"44":{"start":{"line":79,"column":4},"end":{"line":98,"column":5}},"45":{"start":{"line":81,"column":8},"end":{"line":83,"column":9}},"46":{"start":{"line":82,"column":12},"end":{"line":82,"column":63}},"47":{"start":{"line":85,"column":8},"end":{"line":87,"column":9}},"48":{"start":{"line":86,"column":12},"end":{"line":86,"column":57}},"49":{"start":{"line":89,"column":8},"end":{"line":92,"column":9}},"50":{"start":{"line":90,"column":34},"end":{"line":90,"column":84}},"51":{"start":{"line":91,"column":12},"end":{"line":91,"column":60}},"52":{"start":{"line":94,"column":8},"end":{"line":97,"column":9}},"53":{"start":{"line":95,"column":33},"end":{"line":95,"column":82}},"54":{"start":{"line":96,"column":12},"end":{"line":96,"column":58}},"55":{"start":{"line":99,"column":4},"end":{"line":99,"column":53}},"56":{"start":{"line":103,"column":4},"end":{"line":105,"column":5}},"57":{"start":{"line":104,"column":8},"end":{"line":104,"column":59}},"58":{"start":{"line":107,"column":4},"end":{"line":110,"column":5}},"59":{"start":{"line":108,"column":29},"end":{"line":108,"column":78}},"60":{"start":{"line":109,"column":8},"end":{"line":109,"column":54}},"61":{"start":{"line":112,"column":4},"end":{"line":115,"column":5}},"62":{"start":{"line":113,"column":30},"end":{"line":113,"column":80}},"63":{"start":{"line":114,"column":8},"end":{"line":114,"column":56}},"64":{"start":{"line":116,"column":4},"end":{"line":116,"column":60}},"65":{"start":{"line":120,"column":4},"end":{"line":127,"column":5}},"66":{"start":{"line":122,"column":8},"end":{"line":124,"column":9}},"67":{"start":{"line":123,"column":12},"end":{"line":123,"column":50}},"68":{"start":{"line":126,"column":8},"end":{"line":126,"column":63}},"69":{"start":{"line":129,"column":4},"end":{"line":136,"column":5}},"70":{"start":{"line":130,"column":8},"end":{"line":135,"column":10}},"71":{"start":{"line":131,"column":62},"end":{"line":134,"column":13}},"72":{"start":{"line":137,"column":4},"end":{"line":137,"column":81}},"73":{"start":{"line":139,"column":4},"end":{"line":206,"column":5}},"74":{"start":{"line":146,"column":23},"end":{"line":146,"column":72}},"75":{"start":{"line":147,"column":8},"end":{"line":147,"column":48}},"76":{"start":{"line":148,"column":11},"end":{"line":206,"column":5}},"77":{"start":{"line":154,"column":8},"end":{"line":154,"column":59}},"78":{"start":{"line":155,"column":11},"end":{"line":206,"column":5}},"79":{"start":{"line":162,"column":23},"end":{"line":162,"column":73}},"80":{"start":{"line":163,"column":8},"end":{"line":163,"column":49}},"81":{"start":{"line":164,"column":11},"end":{"line":206,"column":5}},"82":{"start":{"line":171,"column":28},"end":{"line":173,"column":23}},"83":{"start":{"line":172,"column":35},"end":{"line":172,"column":90}},"84":{"start":{"line":174,"column":8},"end":{"line":174,"column":53}},"85":{"start":{"line":175,"column":11},"end":{"line":206,"column":5}},"86":{"start":{"line":182,"column":28},"end":{"line":182,"column":78}},"87":{"start":{"line":183,"column":8},"end":{"line":183,"column":52}},"88":{"start":{"line":184,"column":11},"end":{"line":206,"column":5}},"89":{"start":{"line":187,"column":22},"end":{"line":187,"column":95}},"90":{"start":{"line":191,"column":25},"end":{"line":191,"column":71}},"91":{"start":{"line":192,"column":8},"end":{"line":192,"column":31}},"92":{"start":{"line":193,"column":11},"end":{"line":206,"column":5}},"93":{"start":{"line":197,"column":16},"end":{"line":200,"column":38}},"94":{"start":{"line":204,"column":23},"end":{"line":204,"column":88}},"95":{"start":{"line":204,"column":50},"end":{"line":204,"column":76}},"96":{"start":{"line":205,"column":8},"end":{"line":205,"column":29}},"97":{"start":{"line":209,"column":4},"end":{"line":209,"column":90}},"98":{"start":{"line":216,"column":4},"end":{"line":221,"column":5}},"99":{"start":{"line":217,"column":8},"end":{"line":217,"column":42}},"100":{"start":{"line":219,"column":8},"end":{"line":219,"column":52}},"101":{"start":{"line":220,"column":8},"end":{"line":220,"column":76}},"102":{"start":{"line":222,"column":4},"end":{"line":224,"column":5}},"103":{"start":{"line":223,"column":8},"end":{"line":223,"column":65}},"104":{"start":{"line":228,"column":8},"end":{"line":230,"column":9}},"105":{"start":{"line":229,"column":12},"end":{"line":229,"column":23}},"106":{"start":{"line":232,"column":8},"end":{"line":241,"column":64}},"107":{"start":{"line":243,"column":8},"end":{"line":249,"column":9}},"108":{"start":{"line":244,"column":12},"end":{"line":244,"column":35}},"109":{"start":{"line":246,"column":12},"end":{"line":246,"column":51}},"110":{"start":{"line":247,"column":12},"end":{"line":247,"column":49}},"111":{"start":{"line":248,"column":12},"end":{"line":248,"column":24}},"112":{"start":{"line":254,"column":8},"end":{"line":261,"column":9}},"113":{"start":{"line":255,"column":12},"end":{"line":255,"column":44}},"114":{"start":{"line":256,"column":15},"end":{"line":261,"column":9}},"115":{"start":{"line":257,"column":12},"end":{"line":257,"column":41}},"116":{"start":{"line":258,"column":15},"end":{"line":261,"column":9}},"117":{"start":{"line":260,"column":12},"end":{"line":260,"column":109}},"118":{"start":{"line":260,"column":81},"end":{"line":260,"column":106}},"119":{"start":{"line":262,"column":8},"end":{"line":262,"column":20}},"120":{"start":{"line":266,"column":28},"end":{"line":271,"column":5}},"121":{"start":{"line":267,"column":59},"end":{"line":270,"column":9}},"122":{"start":{"line":274,"column":4},"end":{"line":274,"column":27}},"123":{"start":{"line":278,"column":20},"end":{"line":278,"column":109}},"124":{"start":{"line":281,"column":0},"end":{"line":343,"column":3}},"125":{"start":{"line":282,"column":4},"end":{"line":342,"column":5}},"126":{"start":{"line":283,"column":24},"end":{"line":283,"column":61}},"127":{"start":{"line":284,"column":8},"end":{"line":286,"column":9}},"128":{"start":{"line":285,"column":12},"end":{"line":285,"column":92}},"129":{"start":{"line":288,"column":32},"end":{"line":288,"column":64}},"130":{"start":{"line":289,"column":8},"end":{"line":289,"column":57}},"131":{"start":{"line":291,"column":35},"end":{"line":291,"column":37}},"132":{"start":{"line":294,"column":8},"end":{"line":335,"column":9}},"133":{"start":{"line":295,"column":12},"end":{"line":295,"column":61}},"134":{"start":{"line":298,"column":63},"end":{"line":298,"column":75}},"135":{"start":{"line":301,"column":27},"end":{"line":301,"column":54}},"136":{"start":{"line":302,"column":25},"end":{"line":302,"column":50}},"137":{"start":{"line":303,"column":28},"end":{"line":303,"column":57}},"138":{"start":{"line":304,"column":33},"end":{"line":304,"column":68}},"139":{"start":{"line":306,"column":12},"end":{"line":306,"column":76}},"140":{"start":{"line":307,"column":12},"end":{"line":307,"column":43}},"141":{"start":{"line":308,"column":12},"end":{"line":308,"column":39}},"142":{"start":{"line":309,"column":12},"end":{"line":309,"column":45}},"143":{"start":{"line":310,"column":12},"end":{"line":310,"column":55}},"144":{"start":{"line":311,"column":12},"end":{"line":311,"column":50}},"145":{"start":{"line":313,"column":28},"end":{"line":313,"column":108}},"146":{"start":{"line":315,"column":12},"end":{"line":319,"column":13}},"147":{"start":{"line":316,"column":16},"end":{"line":318,"column":19}},"148":{"start":{"line":320,"column":37},"end":{"line":320,"column":69}},"149":{"start":{"line":321,"column":12},"end":{"line":321,"column":60}},"150":{"start":{"line":322,"column":34},"end":{"line":322,"column":55}},"151":{"start":{"line":323,"column":27},"end":{"line":323,"column":48}},"152":{"start":{"line":324,"column":32},"end":{"line":324,"column":66}},"153":{"start":{"line":325,"column":27},"end":{"line":325,"column":54}},"154":{"start":{"line":327,"column":28},"end":{"line":327,"column":131}},"155":{"start":{"line":328,"column":12},"end":{"line":332,"column":13}},"156":{"start":{"line":329,"column":16},"end":{"line":331,"column":19}},"157":{"start":{"line":333,"column":33},"end":{"line":333,"column":52}},"158":{"start":{"line":334,"column":12},"end":{"line":334,"column":158}},"159":{"start":{"line":336,"column":8},"end":{"line":336,"column":51}},"160":{"start":{"line":337,"column":8},"end":{"line":337,"column":44}},"161":{"start":{"line":339,"column":8},"end":{"line":339,"column":27}},"162":{"start":{"line":340,"column":8},"end":{"line":340,"column":42}},"163":{"start":{"line":341,"column":8},"end":{"line":341,"column":49}},"164":{"start":{"line":346,"column":0},"end":{"line":396,"column":3}},"165":{"start":{"line":347,"column":4},"end":{"line":395,"column":9}},"166":{"start":{"line":348,"column":28},"end":{"line":348,"column":66}},"167":{"start":{"line":349,"column":12},"end":{"line":351,"column":13}},"168":{"start":{"line":350,"column":16},"end":{"line":350,"column":96}},"169":{"start":{"line":352,"column":36},"end":{"line":352,"column":68}},"170":{"start":{"line":353,"column":12},"end":{"line":353,"column":61}},"171":{"start":{"line":354,"column":39},"end":{"line":354,"column":41}},"172":{"start":{"line":355,"column":12},"end":{"line":386,"column":13}},"173":{"start":{"line":356,"column":16},"end":{"line":356,"column":65}},"174":{"start":{"line":357,"column":79},"end":{"line":357,"column":91}},"175":{"start":{"line":358,"column":31},"end":{"line":358,"column":58}},"176":{"start":{"line":359,"column":32},"end":{"line":359,"column":61}},"177":{"start":{"line":360,"column":35},"end":{"line":360,"column":68}},"178":{"start":{"line":361,"column":40},"end":{"line":361,"column":79}},"179":{"start":{"line":362,"column":16},"end":{"line":362,"column":80}},"180":{"start":{"line":363,"column":16},"end":{"line":363,"column":47}},"181":{"start":{"line":364,"column":16},"end":{"line":364,"column":46}},"182":{"start":{"line":365,"column":16},"end":{"line":365,"column":52}},"183":{"start":{"line":366,"column":16},"end":{"line":366,"column":62}},"184":{"start":{"line":367,"column":32},"end":{"line":367,"column":122}},"185":{"start":{"line":368,"column":16},"end":{"line":372,"column":17}},"186":{"start":{"line":369,"column":20},"end":{"line":371,"column":23}},"187":{"start":{"line":373,"column":41},"end":{"line":373,"column":73}},"188":{"start":{"line":374,"column":43},"end":{"line":374,"column":64}},"189":{"start":{"line":375,"column":33},"end":{"line":375,"column":54}},"190":{"start":{"line":376,"column":40},"end":{"line":376,"column":79}},"191":{"start":{"line":377,"column":34},"end":{"line":377,"column":65}},"192":{"start":{"line":378,"column":32},"end":{"line":378,"column":152}},"193":{"start":{"line":379,"column":16},"end":{"line":383,"column":17}},"194":{"start":{"line":380,"column":20},"end":{"line":382,"column":23}},"195":{"start":{"line":384,"column":37},"end":{"line":384,"column":56}},"196":{"start":{"line":385,"column":16},"end":{"line":385,"column":162}},"197":{"start":{"line":388,"column":12},"end":{"line":388,"column":55}},"198":{"start":{"line":389,"column":12},"end":{"line":389,"column":48}},"199":{"start":{"line":392,"column":12},"end":{"line":392,"column":31}},"200":{"start":{"line":393,"column":12},"end":{"line":393,"column":46}},"201":{"start":{"line":394,"column":12},"end":{"line":394,"column":54}},"202":{"start":{"line":398,"column":0},"end":{"line":426,"column":3}},"203":{"start":{"line":399,"column":4},"end":{"line":399,"column":26}},"204":{"start":{"line":400,"column":4},"end":{"line":425,"column":5}},"205":{"start":{"line":401,"column":29},"end":{"line":401,"column":37}},"206":{"start":{"line":402,"column":27},"end":{"line":402,"column":66}},"207":{"start":{"line":403,"column":8},"end":{"line":405,"column":9}},"208":{"start":{"line":404,"column":12},"end":{"line":404,"column":93}},"209":{"start":{"line":407,"column":23},"end":{"line":407,"column":65}},"210":{"start":{"line":408,"column":8},"end":{"line":410,"column":9}},"211":{"start":{"line":409,"column":12},"end":{"line":409,"column":98}},"212":{"start":{"line":414,"column":34},"end":{"line":418,"column":15}},"213":{"start":{"line":414,"column":56},"end":{"line":418,"column":13}},"214":{"start":{"line":419,"column":12},"end":{"line":419,"column":50}},"215":{"start":{"line":420,"column":12},"end":{"line":420,"column":58}},"216":{"start":{"line":422,"column":8},"end":{"line":422,"column":27}},"217":{"start":{"line":423,"column":8},"end":{"line":423,"column":45}},"218":{"start":{"line":424,"column":8},"end":{"line":424,"column":72}},"219":{"start":{"line":431,"column":0},"end":{"line":480,"column":7}},"220":{"start":{"line":432,"column":8},"end":{"line":479,"column":9}},"221":{"start":{"line":434,"column":63},"end":{"line":434,"column":71}},"222":{"start":{"line":436,"column":12},"end":{"line":436,"column":50}},"223":{"start":{"line":437,"column":12},"end":{"line":437,"column":35}},"224":{"start":{"line":438,"column":12},"end":{"line":438,"column":34}},"225":{"start":{"line":439,"column":12},"end":{"line":439,"column":28}},"226":{"start":{"line":440,"column":12},"end":{"line":440,"column":36}},"227":{"start":{"line":442,"column":27},"end":{"line":442,"column":100}},"228":{"start":{"line":443,"column":12},"end":{"line":445,"column":13}},"229":{"start":{"line":444,"column":16},"end":{"line":444,"column":124}},"230":{"start":{"line":446,"column":33},"end":{"line":446,"column":89}},"231":{"start":{"line":449,"column":27},"end":{"line":449,"column":73}},"232":{"start":{"line":449,"column":54},"end":{"line":449,"column":72}},"233":{"start":{"line":452,"column":33},"end":{"line":458,"column":11}},"234":{"start":{"line":452,"column":60},"end":{"line":458,"column":9}},"235":{"start":{"line":461,"column":8},"end":{"line":466,"column":9}},"236":{"start":{"line":462,"column":12},"end":{"line":465,"column":15}},"237":{"start":{"line":469,"column":8},"end":{"line":472,"column":11}},"238":{"start":{"line":473,"column":8},"end":{"line":473,"column":42}},"239":{"start":{"line":476,"column":12},"end":{"line":476,"column":62}},"240":{"start":{"line":477,"column":12},"end":{"line":477,"column":45}},"241":{"start":{"line":478,"column":12},"end":{"line":478,"column":64}},"242":{"start":{"line":482,"column":0},"end":{"line":511,"column":7}},"243":{"start":{"line":483,"column":8},"end":{"line":510,"column":9}},"244":{"start":{"line":484,"column":39},"end":{"line":484,"column":47}},"245":{"start":{"line":487,"column":12},"end":{"line":489,"column":13}},"246":{"start":{"line":488,"column":16},"end":{"line":488,"column":81}},"247":{"start":{"line":492,"column":27},"end":{"line":492,"column":95}},"248":{"start":{"line":495,"column":12},"end":{"line":505,"column":13}},"249":{"start":{"line":496,"column":16},"end":{"line":496,"column":53}},"250":{"start":{"line":497,"column":16},"end":{"line":497,"column":53}},"251":{"start":{"line":498,"column":19},"end":{"line":505,"column":13}},"252":{"start":{"line":499,"column":16},"end":{"line":499,"column":54}},"253":{"start":{"line":500,"column":16},"end":{"line":500,"column":100}},"254":{"start":{"line":503,"column":16},"end":{"line":503,"column":53}},"255":{"start":{"line":504,"column":16},"end":{"line":504,"column":105}},"256":{"start":{"line":507,"column":12},"end":{"line":507,"column":75}},"257":{"start":{"line":508,"column":12},"end":{"line":508,"column":49}},"258":{"start":{"line":509,"column":12},"end":{"line":509,"column":77}},"259":{"start":{"line":514,"column":0},"end":{"line":540,"column":3}},"260":{"start":{"line":515,"column":4},"end":{"line":539,"column":5}},"261":{"start":{"line":517,"column":24},"end":{"line":517,"column":131}},"262":{"start":{"line":520,"column":8},"end":{"line":525,"column":9}},"263":{"start":{"line":521,"column":12},"end":{"line":524,"column":15}},"264":{"start":{"line":528,"column":8},"end":{"line":528,"column":68}},"265":{"start":{"line":529,"column":8},"end":{"line":534,"column":11}},"266":{"start":{"line":530,"column":12},"end":{"line":533,"column":13}},"267":{"start":{"line":531,"column":16},"end":{"line":531,"column":66}},"268":{"start":{"line":532,"column":16},"end":{"line":532,"column":80}},"269":{"start":{"line":537,"column":8},"end":{"line":537,"column":75}},"270":{"start":{"line":538,"column":8},"end":{"line":538,"column":53}},"271":{"start":{"line":542,"column":0},"end":{"line":568,"column":3}},"272":{"start":{"line":543,"column":4},"end":{"line":567,"column":5}},"273":{"start":{"line":545,"column":24},"end":{"line":545,"column":137}},"274":{"start":{"line":548,"column":8},"end":{"line":553,"column":9}},"275":{"start":{"line":549,"column":12},"end":{"line":552,"column":15}},"276":{"start":{"line":556,"column":8},"end":{"line":556,"column":68}},"277":{"start":{"line":557,"column":8},"end":{"line":562,"column":11}},"278":{"start":{"line":558,"column":12},"end":{"line":561,"column":13}},"279":{"start":{"line":559,"column":16},"end":{"line":559,"column":66}},"280":{"start":{"line":560,"column":16},"end":{"line":560,"column":80}},"281":{"start":{"line":565,"column":8},"end":{"line":565,"column":75}},"282":{"start":{"line":566,"column":8},"end":{"line":566,"column":53}},"283":{"start":{"line":570,"column":0},"end":{"line":572,"column":3}},"284":{"start":{"line":571,"column":4},"end":{"line":571,"column":28}},"285":{"start":{"line":574,"column":0},"end":{"line":574,"column":24}}},"fnMap":{"0":{"name":"callPythonFunction","decl":{"start":{"line":15,"column":9},"end":{"line":15,"column":27}},"loc":{"start":{"line":15,"column":53},"end":{"line":44,"column":1}},"line":15},"1":{"name":"callPythonFunction2","decl":{"start":{"line":47,"column":9},"end":{"line":47,"column":28}},"loc":{"start":{"line":47,"column":54},"end":{"line":76,"column":1}},"line":47},"2":{"name":"processElementTuple","decl":{"start":{"line":78,"column":9},"end":{"line":78,"column":28}},"loc":{"start":{"line":78,"column":42},"end":{"line":100,"column":1}},"line":78},"3":{"name":"processElementList","decl":{"start":{"line":102,"column":9},"end":{"line":102,"column":27}},"loc":{"start":{"line":102,"column":41},"end":{"line":117,"column":1}},"line":102},"4":{"name":"reconstructOriginal","decl":{"start":{"line":119,"column":9},"end":{"line":119,"column":28}},"loc":{"start":{"line":119,"column":42},"end":{"line":210,"column":1}},"line":119},"5":{"name":"(anonymous_5)","decl":{"start":{"line":131,"column":44},"end":{"line":131,"column":45}},"loc":{"start":{"line":131,"column":62},"end":{"line":134,"column":13}},"line":131},"6":{"name":"(anonymous_6)","decl":{"start":{"line":172,"column":17},"end":{"line":172,"column":18}},"loc":{"start":{"line":172,"column":35},"end":{"line":172,"column":90}},"line":172},"7":{"name":"(anonymous_7)","decl":{"start":{"line":187,"column":12},"end":{"line":187,"column":13}},"loc":{"start":{"line":187,"column":22},"end":{"line":187,"column":95}},"line":187},"8":{"name":"(anonymous_8)","decl":{"start":{"line":196,"column":12},"end":{"line":196,"column":13}},"loc":{"start":{"line":197,"column":16},"end":{"line":200,"column":38}},"line":197},"9":{"name":"(anonymous_9)","decl":{"start":{"line":204,"column":39},"end":{"line":204,"column":40}},"loc":{"start":{"line":204,"column":50},"end":{"line":204,"column":76}},"line":204},"10":{"name":"handleParsedResult","decl":{"start":{"line":213,"column":9},"end":{"line":213,"column":27}},"loc":{"start":{"line":213,"column":41},"end":{"line":275,"column":1}},"line":213},"11":{"name":"parseComplexString","decl":{"start":{"line":227,"column":13},"end":{"line":227,"column":31}},"loc":{"start":{"line":227,"column":37},"end":{"line":250,"column":5}},"line":227},"12":{"name":"parseNested","decl":{"start":{"line":253,"column":13},"end":{"line":253,"column":24}},"loc":{"start":{"line":253,"column":31},"end":{"line":263,"column":5}},"line":253},"13":{"name":"(anonymous_13)","decl":{"start":{"line":260,"column":63},"end":{"line":260,"column":64}},"loc":{"start":{"line":260,"column":81},"end":{"line":260,"column":106}},"line":260},"14":{"name":"(anonymous_14)","decl":{"start":{"line":267,"column":41},"end":{"line":267,"column":42}},"loc":{"start":{"line":267,"column":59},"end":{"line":270,"column":9}},"line":267},"15":{"name":"(anonymous_15)","decl":{"start":{"line":281,"column":29},"end":{"line":281,"column":30}},"loc":{"start":{"line":281,"column":49},"end":{"line":343,"column":1}},"line":281},"16":{"name":"(anonymous_16)","decl":{"start":{"line":346,"column":30},"end":{"line":346,"column":31}},"loc":{"start":{"line":346,"column":50},"end":{"line":396,"column":1}},"line":346},"17":{"name":"(anonymous_17)","decl":{"start":{"line":398,"column":22},"end":{"line":398,"column":23}},"loc":{"start":{"line":398,"column":42},"end":{"line":426,"column":1}},"line":398},"18":{"name":"(anonymous_18)","decl":{"start":{"line":414,"column":45},"end":{"line":414,"column":46}},"loc":{"start":{"line":414,"column":56},"end":{"line":418,"column":13}},"line":414},"19":{"name":"(anonymous_19)","decl":{"start":{"line":431,"column":22},"end":{"line":431,"column":23}},"loc":{"start":{"line":431,"column":42},"end":{"line":480,"column":5}},"line":431},"20":{"name":"(anonymous_20)","decl":{"start":{"line":449,"column":45},"end":{"line":449,"column":46}},"loc":{"start":{"line":449,"column":54},"end":{"line":449,"column":72}},"line":449},"21":{"name":"(anonymous_21)","decl":{"start":{"line":452,"column":50},"end":{"line":452,"column":51}},"loc":{"start":{"line":452,"column":60},"end":{"line":458,"column":9}},"line":452},"22":{"name":"(anonymous_22)","decl":{"start":{"line":482,"column":22},"end":{"line":482,"column":23}},"loc":{"start":{"line":482,"column":42},"end":{"line":511,"column":5}},"line":482},"23":{"name":"(anonymous_23)","decl":{"start":{"line":514,"column":26},"end":{"line":514,"column":27}},"loc":{"start":{"line":514,"column":45},"end":{"line":540,"column":1}},"line":514},"24":{"name":"(anonymous_24)","decl":{"start":{"line":529,"column":49},"end":{"line":529,"column":50}},"loc":{"start":{"line":529,"column":58},"end":{"line":534,"column":9}},"line":529},"25":{"name":"(anonymous_25)","decl":{"start":{"line":542,"column":26},"end":{"line":542,"column":27}},"loc":{"start":{"line":542,"column":45},"end":{"line":568,"column":1}},"line":542},"26":{"name":"(anonymous_26)","decl":{"start":{"line":557,"column":49},"end":{"line":557,"column":50}},"loc":{"start":{"line":557,"column":58},"end":{"line":562,"column":9}},"line":557},"27":{"name":"(anonymous_27)","decl":{"start":{"line":570,"column":22},"end":{"line":570,"column":23}},"loc":{"start":{"line":570,"column":36},"end":{"line":572,"column":1}},"line":570}},"branchMap":{"0":{"loc":{"start":{"line":25,"column":4},"end":{"line":27,"column":5}},"type":"if","locations":[{"start":{"line":25,"column":4},"end":{"line":27,"column":5}},{"start":{},"end":{}}],"line":25},"1":{"loc":{"start":{"line":32,"column":4},"end":{"line":34,"column":5}},"type":"if","locations":[{"start":{"line":32,"column":4},"end":{"line":34,"column":5}},{"start":{},"end":{}}],"line":32},"2":{"loc":{"start":{"line":57,"column":4},"end":{"line":59,"column":5}},"type":"if","locations":[{"start":{"line":57,"column":4},"end":{"line":59,"column":5}},{"start":{},"end":{}}],"line":57},"3":{"loc":{"start":{"line":64,"column":4},"end":{"line":66,"column":5}},"type":"if","locations":[{"start":{"line":64,"column":4},"end":{"line":66,"column":5}},{"start":{},"end":{}}],"line":64},"4":{"loc":{"start":{"line":79,"column":4},"end":{"line":98,"column":5}},"type":"if","locations":[{"start":{"line":79,"column":4},"end":{"line":98,"column":5}},{"start":{},"end":{}}],"line":79},"5":{"loc":{"start":{"line":81,"column":8},"end":{"line":83,"column":9}},"type":"if","locations":[{"start":{"line":81,"column":8},"end":{"line":83,"column":9}},{"start":{},"end":{}}],"line":81},"6":{"loc":{"start":{"line":85,"column":8},"end":{"line":87,"column":9}},"type":"if","locations":[{"start":{"line":85,"column":8},"end":{"line":87,"column":9}},{"start":{},"end":{}}],"line":85},"7":{"loc":{"start":{"line":89,"column":8},"end":{"line":92,"column":9}},"type":"if","locations":[{"start":{"line":89,"column":8},"end":{"line":92,"column":9}},{"start":{},"end":{}}],"line":89},"8":{"loc":{"start":{"line":89,"column":12},"end":{"line":89,"column":80}},"type":"binary-expr","locations":[{"start":{"line":89,"column":12},"end":{"line":89,"column":47}},{"start":{"line":89,"column":51},"end":{"line":89,"column":80}}],"line":89},"9":{"loc":{"start":{"line":94,"column":8},"end":{"line":97,"column":9}},"type":"if","locations":[{"start":{"line":94,"column":8},"end":{"line":97,"column":9}},{"start":{},"end":{}}],"line":94},"10":{"loc":{"start":{"line":94,"column":12},"end":{"line":94,"column":79}},"type":"binary-expr","locations":[{"start":{"line":94,"column":12},"end":{"line":94,"column":46}},{"start":{"line":94,"column":50},"end":{"line":94,"column":79}}],"line":94},"11":{"loc":{"start":{"line":103,"column":4},"end":{"line":105,"column":5}},"type":"if","locations":[{"start":{"line":103,"column":4},"end":{"line":105,"column":5}},{"start":{},"end":{}}],"line":103},"12":{"loc":{"start":{"line":103,"column":8},"end":{"line":103,"column":74}},"type":"binary-expr","locations":[{"start":{"line":103,"column":8},"end":{"line":103,"column":34}},{"start":{"line":103,"column":38},"end":{"line":103,"column":74}}],"line":103},"13":{"loc":{"start":{"line":107,"column":4},"end":{"line":110,"column":5}},"type":"if","locations":[{"start":{"line":107,"column":4},"end":{"line":110,"column":5}},{"start":{},"end":{}}],"line":107},"14":{"loc":{"start":{"line":107,"column":8},"end":{"line":107,"column":105}},"type":"binary-expr","locations":[{"start":{"line":107,"column":8},"end":{"line":107,"column":34}},{"start":{"line":107,"column":38},"end":{"line":107,"column":72}},{"start":{"line":107,"column":76},"end":{"line":107,"column":105}}],"line":107},"15":{"loc":{"start":{"line":112,"column":4},"end":{"line":115,"column":5}},"type":"if","locations":[{"start":{"line":112,"column":4},"end":{"line":115,"column":5}},{"start":{},"end":{}}],"line":112},"16":{"loc":{"start":{"line":112,"column":8},"end":{"line":112,"column":106}},"type":"binary-expr","locations":[{"start":{"line":112,"column":8},"end":{"line":112,"column":34}},{"start":{"line":112,"column":38},"end":{"line":112,"column":73}},{"start":{"line":112,"column":77},"end":{"line":112,"column":106}}],"line":112},"17":{"loc":{"start":{"line":122,"column":8},"end":{"line":124,"column":9}},"type":"if","locations":[{"start":{"line":122,"column":8},"end":{"line":124,"column":9}},{"start":{},"end":{}}],"line":122},"18":{"loc":{"start":{"line":129,"column":4},"end":{"line":136,"column":5}},"type":"if","locations":[{"start":{"line":129,"column":4},"end":{"line":136,"column":5}},{"start":{},"end":{}}],"line":129},"19":{"loc":{"start":{"line":129,"column":8},"end":{"line":129,"column":70}},"type":"binary-expr","locations":[{"start":{"line":129,"column":8},"end":{"line":129,"column":39}},{"start":{"line":129,"column":43},"end":{"line":129,"column":70}}],"line":129},"20":{"loc":{"start":{"line":139,"column":4},"end":{"line":206,"column":5}},"type":"if","locations":[{"start":{"line":139,"column":4},"end":{"line":206,"column":5}},{"start":{"line":148,"column":11},"end":{"line":206,"column":5}}],"line":139},"21":{"loc":{"start":{"line":140,"column":8},"end":{"line":143,"column":37}},"type":"binary-expr","locations":[{"start":{"line":140,"column":8},"end":{"line":140,"column":34}},{"start":{"line":141,"column":8},"end":{"line":141,"column":32}},{"start":{"line":142,"column":8},"end":{"line":142,"column":42}},{"start":{"line":143,"column":8},"end":{"line":143,"column":37}}],"line":140},"22":{"loc":{"start":{"line":148,"column":11},"end":{"line":206,"column":5}},"type":"if","locations":[{"start":{"line":148,"column":11},"end":{"line":206,"column":5}},{"start":{"line":155,"column":11},"end":{"line":206,"column":5}}],"line":148},"23":{"loc":{"start":{"line":149,"column":8},"end":{"line":151,"column":44}},"type":"binary-expr","locations":[{"start":{"line":149,"column":8},"end":{"line":149,"column":34}},{"start":{"line":150,"column":8},"end":{"line":150,"column":32}},{"start":{"line":151,"column":8},"end":{"line":151,"column":44}}],"line":149},"24":{"loc":{"start":{"line":155,"column":11},"end":{"line":206,"column":5}},"type":"if","locations":[{"start":{"line":155,"column":11},"end":{"line":206,"column":5}},{"start":{"line":164,"column":11},"end":{"line":206,"column":5}}],"line":155},"25":{"loc":{"start":{"line":156,"column":8},"end":{"line":159,"column":37}},"type":"binary-expr","locations":[{"start":{"line":156,"column":8},"end":{"line":156,"column":34}},{"start":{"line":157,"column":8},"end":{"line":157,"column":32}},{"start":{"line":158,"column":8},"end":{"line":158,"column":43}},{"start":{"line":159,"column":8},"end":{"line":159,"column":37}}],"line":156},"26":{"loc":{"start":{"line":164,"column":11},"end":{"line":206,"column":5}},"type":"if","locations":[{"start":{"line":164,"column":11},"end":{"line":206,"column":5}},{"start":{"line":175,"column":11},"end":{"line":206,"column":5}}],"line":164},"27":{"loc":{"start":{"line":165,"column":8},"end":{"line":168,"column":42}},"type":"binary-expr","locations":[{"start":{"line":165,"column":8},"end":{"line":165,"column":34}},{"start":{"line":166,"column":8},"end":{"line":166,"column":32}},{"start":{"line":167,"column":8},"end":{"line":167,"column":42}},{"start":{"line":168,"column":8},"end":{"line":168,"column":42}}],"line":165},"28":{"loc":{"start":{"line":175,"column":11},"end":{"line":206,"column":5}},"type":"if","locations":[{"start":{"line":175,"column":11},"end":{"line":206,"column":5}},{"start":{"line":184,"column":11},"end":{"line":206,"column":5}}],"line":175},"29":{"loc":{"start":{"line":176,"column":8},"end":{"line":179,"column":37}},"type":"binary-expr","locations":[{"start":{"line":176,"column":8},"end":{"line":176,"column":34}},{"start":{"line":177,"column":8},"end":{"line":177,"column":32}},{"start":{"line":178,"column":8},"end":{"line":178,"column":41}},{"start":{"line":179,"column":8},"end":{"line":179,"column":37}}],"line":176},"30":{"loc":{"start":{"line":184,"column":11},"end":{"line":206,"column":5}},"type":"if","locations":[{"start":{"line":184,"column":11},"end":{"line":206,"column":5}},{"start":{"line":193,"column":11},"end":{"line":206,"column":5}}],"line":184},"31":{"loc":{"start":{"line":185,"column":8},"end":{"line":188,"column":9}},"type":"binary-expr","locations":[{"start":{"line":185,"column":8},"end":{"line":185,"column":34}},{"start":{"line":186,"column":8},"end":{"line":188,"column":9}}],"line":185},"32":{"loc":{"start":{"line":187,"column":22},"end":{"line":187,"column":95}},"type":"binary-expr","locations":[{"start":{"line":187,"column":22},"end":{"line":187,"column":41}},{"start":{"line":187,"column":45},"end":{"line":187,"column":62}},{"start":{"line":187,"column":66},"end":{"line":187,"column":95}}],"line":187},"33":{"loc":{"start":{"line":193,"column":11},"end":{"line":206,"column":5}},"type":"if","locations":[{"start":{"line":193,"column":11},"end":{"line":206,"column":5}},{"start":{},"end":{}}],"line":193},"34":{"loc":{"start":{"line":194,"column":8},"end":{"line":201,"column":9}},"type":"binary-expr","locations":[{"start":{"line":194,"column":8},"end":{"line":194,"column":34}},{"start":{"line":195,"column":8},"end":{"line":201,"column":9}}],"line":194},"35":{"loc":{"start":{"line":197,"column":16},"end":{"line":200,"column":38}},"type":"binary-expr","locations":[{"start":{"line":197,"column":16},"end":{"line":197,"column":35}},{"start":{"line":198,"column":16},"end":{"line":198,"column":33}},{"start":{"line":199,"column":16},"end":{"line":199,"column":44}},{"start":{"line":200,"column":16},"end":{"line":200,"column":38}}],"line":197},"36":{"loc":{"start":{"line":222,"column":4},"end":{"line":224,"column":5}},"type":"if","locations":[{"start":{"line":222,"column":4},"end":{"line":224,"column":5}},{"start":{},"end":{}}],"line":222},"37":{"loc":{"start":{"line":222,"column":8},"end":{"line":222,"column":65}},"type":"binary-expr","locations":[{"start":{"line":222,"column":8},"end":{"line":222,"column":40}},{"start":{"line":222,"column":44},"end":{"line":222,"column":65}}],"line":222},"38":{"loc":{"start":{"line":228,"column":8},"end":{"line":230,"column":9}},"type":"if","locations":[{"start":{"line":228,"column":8},"end":{"line":230,"column":9}},{"start":{},"end":{}}],"line":228},"39":{"loc":{"start":{"line":254,"column":8},"end":{"line":261,"column":9}},"type":"if","locations":[{"start":{"line":254,"column":8},"end":{"line":261,"column":9}},{"start":{"line":256,"column":15},"end":{"line":261,"column":9}}],"line":254},"40":{"loc":{"start":{"line":256,"column":15},"end":{"line":261,"column":9}},"type":"if","locations":[{"start":{"line":256,"column":15},"end":{"line":261,"column":9}},{"start":{"line":258,"column":15},"end":{"line":261,"column":9}}],"line":256},"41":{"loc":{"start":{"line":258,"column":15},"end":{"line":261,"column":9}},"type":"if","locations":[{"start":{"line":258,"column":15},"end":{"line":261,"column":9}},{"start":{},"end":{}}],"line":258},"42":{"loc":{"start":{"line":258,"column":19},"end":{"line":258,"column":51}},"type":"binary-expr","locations":[{"start":{"line":258,"column":19},"end":{"line":258,"column":23}},{"start":{"line":258,"column":27},"end":{"line":258,"column":51}}],"line":258},"43":{"loc":{"start":{"line":284,"column":8},"end":{"line":286,"column":9}},"type":"if","locations":[{"start":{"line":284,"column":8},"end":{"line":286,"column":9}},{"start":{},"end":{}}],"line":284},"44":{"loc":{"start":{"line":315,"column":12},"end":{"line":319,"column":13}},"type":"if","locations":[{"start":{"line":315,"column":12},"end":{"line":319,"column":13}},{"start":{},"end":{}}],"line":315},"45":{"loc":{"start":{"line":328,"column":12},"end":{"line":332,"column":13}},"type":"if","locations":[{"start":{"line":328,"column":12},"end":{"line":332,"column":13}},{"start":{},"end":{}}],"line":328},"46":{"loc":{"start":{"line":349,"column":12},"end":{"line":351,"column":13}},"type":"if","locations":[{"start":{"line":349,"column":12},"end":{"line":351,"column":13}},{"start":{},"end":{}}],"line":349},"47":{"loc":{"start":{"line":368,"column":16},"end":{"line":372,"column":17}},"type":"if","locations":[{"start":{"line":368,"column":16},"end":{"line":372,"column":17}},{"start":{},"end":{}}],"line":368},"48":{"loc":{"start":{"line":379,"column":16},"end":{"line":383,"column":17}},"type":"if","locations":[{"start":{"line":379,"column":16},"end":{"line":383,"column":17}},{"start":{},"end":{}}],"line":379},"49":{"loc":{"start":{"line":403,"column":8},"end":{"line":405,"column":9}},"type":"if","locations":[{"start":{"line":403,"column":8},"end":{"line":405,"column":9}},{"start":{},"end":{}}],"line":403},"50":{"loc":{"start":{"line":403,"column":12},"end":{"line":403,"column":50}},"type":"binary-expr","locations":[{"start":{"line":403,"column":12},"end":{"line":403,"column":23}},{"start":{"line":403,"column":27},"end":{"line":403,"column":50}}],"line":403},"51":{"loc":{"start":{"line":408,"column":8},"end":{"line":410,"column":9}},"type":"if","locations":[{"start":{"line":408,"column":8},"end":{"line":410,"column":9}},{"start":{},"end":{}}],"line":408},"52":{"loc":{"start":{"line":408,"column":12},"end":{"line":408,"column":42}},"type":"binary-expr","locations":[{"start":{"line":408,"column":12},"end":{"line":408,"column":19}},{"start":{"line":408,"column":23},"end":{"line":408,"column":42}}],"line":408},"53":{"loc":{"start":{"line":443,"column":12},"end":{"line":445,"column":13}},"type":"if","locations":[{"start":{"line":443,"column":12},"end":{"line":445,"column":13}},{"start":{},"end":{}}],"line":443},"54":{"loc":{"start":{"line":446,"column":33},"end":{"line":446,"column":89}},"type":"cond-expr","locations":[{"start":{"line":446,"column":62},"end":{"line":446,"column":80}},{"start":{"line":446,"column":83},"end":{"line":446,"column":89}}],"line":446},"55":{"loc":{"start":{"line":461,"column":8},"end":{"line":466,"column":9}},"type":"if","locations":[{"start":{"line":461,"column":8},"end":{"line":466,"column":9}},{"start":{},"end":{}}],"line":461},"56":{"loc":{"start":{"line":487,"column":12},"end":{"line":489,"column":13}},"type":"if","locations":[{"start":{"line":487,"column":12},"end":{"line":489,"column":13}},{"start":{},"end":{}}],"line":487},"57":{"loc":{"start":{"line":495,"column":12},"end":{"line":505,"column":13}},"type":"if","locations":[{"start":{"line":495,"column":12},"end":{"line":505,"column":13}},{"start":{"line":498,"column":19},"end":{"line":505,"column":13}}],"line":495},"58":{"loc":{"start":{"line":498,"column":19},"end":{"line":505,"column":13}},"type":"if","locations":[{"start":{"line":498,"column":19},"end":{"line":505,"column":13}},{"start":{"line":501,"column":19},"end":{"line":505,"column":13}}],"line":498},"59":{"loc":{"start":{"line":498,"column":23},"end":{"line":498,"column":92}},"type":"binary-expr","locations":[{"start":{"line":498,"column":23},"end":{"line":498,"column":49}},{"start":{"line":498,"column":53},"end":{"line":498,"column":69}},{"start":{"line":498,"column":72},"end":{"line":498,"column":92}}],"line":498},"60":{"loc":{"start":{"line":520,"column":8},"end":{"line":525,"column":9}},"type":"if","locations":[{"start":{"line":520,"column":8},"end":{"line":525,"column":9}},{"start":{},"end":{}}],"line":520},"61":{"loc":{"start":{"line":530,"column":12},"end":{"line":533,"column":13}},"type":"if","locations":[{"start":{"line":530,"column":12},"end":{"line":533,"column":13}},{"start":{},"end":{}}],"line":530},"62":{"loc":{"start":{"line":548,"column":8},"end":{"line":553,"column":9}},"type":"if","locations":[{"start":{"line":548,"column":8},"end":{"line":553,"column":9}},{"start":{},"end":{}}],"line":548},"63":{"loc":{"start":{"line":558,"column":12},"end":{"line":561,"column":13}},"type":"if","locations":[{"start":{"line":558,"column":12},"end":{"line":561,"column":13}},{"start":{},"end":{}}],"line":558}},"s":{"0":0,"1":0,"2":0,"3":0,"4":0,"5":0,"6":0,"7":0,"8":0,"9":0,"10":0,"11":0,"12":0,"13":0,"14":0,"15":0,"16":0,"17":0,"18":0,"19":0,"20":0,"21":0,"22":0,"23":0,"24":0,"25":0,"26":0,"27":0,"28":0,"29":0,"30":0,"31":0,"32":0,"33":0,"34":0,"35":0,"36":0,"37":0,"38":0,"39":0,"40":0,"41":0,"42":0,"43":0,"44":0,"45":0,"46":0,"47":0,"48":0,"49":0,"50":0,"51":0,"52":0,"53":0,"54":0,"55":0,"56":0,"57":0,"58":0,"59":0,"60":0,"61":0,"62":0,"63":0,"64":0,"65":0,"66":0,"67":0,"68":0,"69":0,"70":0,"71":0,"72":0,"73":0,"74":0,"75":0,"76":0,"77":0,"78":0,"79":0,"80":0,"81":0,"82":0,"83":0,"84":0,"85":0,"86":0,"87":0,"88":0,"89":0,"90":0,"91":0,"92":0,"93":0,"94":0,"95":0,"96":0,"97":0,"98":0,"99":0,"100":0,"101":0,"102":0,"103":0,"104":0,"105":0,"106":0,"107":0,"108":0,"109":0,"110":0,"111":0,"112":0,"113":0,"114":0,"115":0,"116":0,"117":0,"118":0,"119":0,"120":0,"121":0,"122":0,"123":0,"124":0,"125":0,"126":0,"127":0,"128":0,"129":0,"130":0,"131":0,"132":0,"133":0,"134":0,"135":0,"136":0,"137":0,"138":0,"139":0,"140":0,"141":0,"142":0,"143":0,"144":0,"145":0,"146":0,"147":0,"148":0,"149":0,"150":0,"151":0,"152":0,"153":0,"154":0,"155":0,"156":0,"157":0,"158":0,"159":0,"160":0,"161":0,"162":0,"163":0,"164":0,"165":0,"166":0,"167":0,"168":0,"169":0,"170":0,"171":0,"172":0,"173":0,"174":0,"175":0,"176":0,"177":0,"178":0,"179":0,"180":0,"181":0,"182":0,"183":0,"184":0,"185":0,"186":0,"187":0,"188":0,"189":0,"190":0,"191":0,"192":0,"193":0,"194":0,"195":0,"196":0,"197":0,"198":0,"199":0,"200":0,"201":0,"202":0,"203":0,"204":0,"205":0,"206":0,"207":0,"208":0,"209":0,"210":0,"211":0,"212":0,"213":0,"214":0,"215":0,"216":0,"217":0,"218":0,"219":0,"220":0,"221":0,"222":0,"223":0,"224":0,"225":0,"226":0,"227":0,"228":0,"229":0,"230":0,"231":0,"232":0,"233":0,"234":0,"235":0,"236":0,"237":0,"238":0,"239":0,"240":0,"241":0,"242":0,"243":0,"244":0,"245":0,"246":0,"247":0,"248":0,"249":0,"250":0,"251":0,"252":0,"253":0,"254":0,"255":0,"256":0,"257":0,"258":0,"259":0,"260":0,"261":0,"262":0,"263":0,"264":0,"265":0,"266":0,"267":0,"268":0,"269":0,"270":0,"271":0,"272":0,"273":0,"274":0,"275":0,"276":0,"277":0,"278":0,"279":0,"280":0,"281":0,"282":0,"283":0,"284":0,"285":0},"f":{"0":0,"1":0,"2":0,"3":0,"4":0,"5":0,"6":0,"7":0,"8":0,"9":0,"10":0,"11":0,"12":0,"13":0,"14":0,"15":0,"16":0,"17":0,"18":0,"19":0,"20":0,"21":0,"22":0,"23":0,"24":0,"25":0,"26":0,"27":0},"b":{"0":[0,0],"1":[0,0],"2":[0,0],"3":[0,0],"4":[0,0],"5":[0,0],"6":[0,0],"7":[0,0],"8":[0,0],"9":[0,0],"10":[0,0],"11":[0,0],"12":[0,0],"13":[0,0],"14":[0,0,0],"15":[0,0],"16":[0,0,0],"17":[0,0],"18":[0,0],"19":[0,0],"20":[0,0],"21":[0,0,0,0],"22":[0,0],"23":[0,0,0],"24":[0,0],"25":[0,0,0,0],"26":[0,0],"27":[0,0,0,0],"28":[0,0],"29":[0,0,0,0],"30":[0,0],"31":[0,0],"32":[0,0,0],"33":[0,0],"34":[0,0],"35":[0,0,0,0],"36":[0,0],"37":[0,0],"38":[0,0],"39":[0,0],"40":[0,0],"41":[0,0],"42":[0,0],"43":[0,0],"44":[0,0],"45":[0,0],"46":[0,0],"47":[0,0],"48":[0,0],"49":[0,0],"50":[0,0],"51":[0,0],"52":[0,0],"53":[0,0],"54":[0,0],"55":[0,0],"56":[0,0],"57":[0,0],"58":[0,0],"59":[0,0,0],"60":[0,0],"61":[0,0],"62":[0,0],"63":[0,0]}}
}
