{"/Users/umangagarwal/Downloads/e-voting/src/evoting_localstorage/project_evoting/index.js": {"path":"/Users/umangagarwal/Downloads/e-voting/src/evoting_localstorage/project_evoting/index.js","statementMap":{"0":{"start":{"line":1,"column":14},"end":{"line":1,"column":32}},"1":{"start":{"line":2,"column":11},"end":{"line":2,"column":26}},"2":{"start":{"line":3,"column":17},"end":{"line":3,"column":39}},"3":{"start":{"line":4,"column":16},"end":{"line":4,"column":35}},"4":{"start":{"line":5,"column":11},"end":{"line":5,"column":15}},"5":{"start":{"line":7,"column":10},"end":{"line":7,"column":19}},"6":{"start":{"line":9,"column":0},"end":{"line":9,"column":16}},"7":{"start":{"line":11,"column":0},"end":{"line":11,"column":24}},"8":{"start":{"line":13,"column":19},"end":{"line":13,"column":55}},"9":{"start":{"line":14,"column":17},"end":{"line":14,"column":47}},"10":{"start":{"line":15,"column":0},"end":{"line":15,"column":45}},"11":{"start":{"line":16,"column":0},"end":{"line":16,"column":67}},"12":{"start":{"line":17,"column":0},"end":{"line":17,"column":19}},"13":{"start":{"line":26,"column":0},"end":{"line":30,"column":2}},"14":{"start":{"line":28,"column":4},"end":{"line":28,"column":25}},"15":{"start":{"line":29,"column":4},"end":{"line":29,"column":21}},"16":{"start":{"line":32,"column":0},"end":{"line":34,"column":3}},"17":{"start":{"line":33,"column":4},"end":{"line":33,"column":46}}},"fnMap":{"0":{"name":"(anonymous_0)","decl":{"start":{"line":26,"column":13},"end":{"line":26,"column":14}},"loc":{"start":{"line":27,"column":0},"end":{"line":30,"column":1}},"line":27},"1":{"name":"(anonymous_1)","decl":{"start":{"line":32,"column":17},"end":{"line":32,"column":18}},"loc":{"start":{"line":32,"column":23},"end":{"line":34,"column":1}},"line":32}},"branchMap":{},"s":{"0":0,"1":0,"2":0,"3":0,"4":0,"5":0,"6":0,"7":0,"8":0,"9":0,"10":0,"11":0,"12":0,"13":0,"14":0,"15":0,"16":0,"17":0},"f":{"0":0,"1":0},"b":{}}
,"/Users/umangagarwal/Downloads/e-voting/src/evoting_localstorage/project_evoting/keys.js": {"path":"/Users/umangagarwal/Downloads/e-voting/src/evoting_localstorage/project_evoting/keys.js","statementMap":{"0":{"start":{"line":1,"column":0},"end":{"line":1,"column":27}},"1":{"start":{"line":3,"column":0},"end":{"line":6,"column":2}}},"fnMap":{},"branchMap":{},"s":{"0":0,"1":0},"f":{},"b":{}}
,"/Users/umangagarwal/Downloads/e-voting/src/evoting_localstorage/project_evoting/middelware/requireToken.js": {"path":"/Users/umangagarwal/Downloads/e-voting/src/evoting_localstorage/project_evoting/middelware/requireToken.js","statementMap":{"0":{"start":{"line":1,"column":12},"end":{"line":1,"column":35}},"1":{"start":{"line":2,"column":19},"end":{"line":2,"column":37}},"2":{"start":{"line":3,"column":68},"end":{"line":3,"column":93}},"3":{"start":{"line":4,"column":0},"end":{"line":35,"column":2}},"4":{"start":{"line":5,"column":30},"end":{"line":5,"column":41}},"5":{"start":{"line":7,"column":4},"end":{"line":9,"column":5}},"6":{"start":{"line":8,"column":8},"end":{"line":8,"column":72}},"7":{"start":{"line":11,"column":18},"end":{"line":11,"column":54}},"8":{"start":{"line":12,"column":4},"end":{"line":12,"column":23}},"9":{"start":{"line":13,"column":4},"end":{"line":34,"column":7}},"10":{"start":{"line":14,"column":8},"end":{"line":16,"column":9}},"11":{"start":{"line":15,"column":12},"end":{"line":15,"column":77}},"12":{"start":{"line":18,"column":27},"end":{"line":18,"column":34}},"13":{"start":{"line":19,"column":8},"end":{"line":19,"column":36}},"14":{"start":{"line":20,"column":8},"end":{"line":33,"column":9}},"15":{"start":{"line":22,"column":29},"end":{"line":22,"column":57}},"16":{"start":{"line":23,"column":12},"end":{"line":23,"column":46}},"17":{"start":{"line":24,"column":12},"end":{"line":26,"column":13}},"18":{"start":{"line":25,"column":16},"end":{"line":25,"column":89}},"19":{"start":{"line":28,"column":12},"end":{"line":28,"column":32}},"20":{"start":{"line":29,"column":12},"end":{"line":29,"column":19}},"21":{"start":{"line":31,"column":12},"end":{"line":31,"column":57}},"22":{"start":{"line":32,"column":12},"end":{"line":32,"column":76}}},"fnMap":{"0":{"name":"(anonymous_0)","decl":{"start":{"line":4,"column":17},"end":{"line":4,"column":18}},"loc":{"start":{"line":4,"column":43},"end":{"line":35,"column":1}},"line":4},"1":{"name":"(anonymous_1)","decl":{"start":{"line":13,"column":30},"end":{"line":13,"column":31}},"loc":{"start":{"line":13,"column":54},"end":{"line":34,"column":5}},"line":13}},"branchMap":{"0":{"loc":{"start":{"line":7,"column":4},"end":{"line":9,"column":5}},"type":"if","locations":[{"start":{"line":7,"column":4},"end":{"line":9,"column":5}},{"start":{},"end":{}}],"line":7},"1":{"loc":{"start":{"line":14,"column":8},"end":{"line":16,"column":9}},"type":"if","locations":[{"start":{"line":14,"column":8},"end":{"line":16,"column":9}},{"start":{},"end":{}}],"line":14},"2":{"loc":{"start":{"line":24,"column":12},"end":{"line":26,"column":13}},"type":"if","locations":[{"start":{"line":24,"column":12},"end":{"line":26,"column":13}},{"start":{},"end":{}}],"line":24}},"s":{"0":0,"1":0,"2":0,"3":0,"4":0,"5":0,"6":0,"7":0,"8":0,"9":0,"10":0,"11":0,"12":0,"13":0,"14":0,"15":0,"16":0,"17":0,"18":0,"19":0,"20":0,"21":0,"22":0},"f":{"0":0,"1":0},"b":{"0":[0,0],"1":[0,0],"2":[0,0]}}
,"/Users/umangagarwal/Downloads/e-voting/src/evoting_localstorage/project_evoting/models/User.js": {"path":"/Users/umangagarwal/Downloads/e-voting/src/evoting_localstorage/project_evoting/models/User.js","statementMap":{"0":{"start":{"line":1,"column":17},"end":{"line":1,"column":36}},"1":{"start":{"line":2,"column":15},"end":{"line":2,"column":32}},"2":{"start":{"line":3,"column":15},"end":{"line":3,"column":32}},"3":{"start":{"line":4,"column":21},"end":{"line":4,"column":39}},"4":{"start":{"line":5,"column":13},"end":{"line":5,"column":31}},"5":{"start":{"line":8,"column":21},"end":{"line":11,"column":2}},"6":{"start":{"line":13,"column":0},"end":{"line":23,"column":3}},"7":{"start":{"line":14,"column":4},"end":{"line":14,"column":40}},"8":{"start":{"line":17,"column":4},"end":{"line":22,"column":5}},"9":{"start":{"line":18,"column":8},"end":{"line":18,"column":78}},"10":{"start":{"line":19,"column":8},"end":{"line":19,"column":70}},"11":{"start":{"line":21,"column":8},"end":{"line":21,"column":84}},"12":{"start":{"line":26,"column":0},"end":{"line":28,"column":3}},"13":{"start":{"line":27,"column":4},"end":{"line":27,"column":52}},"14":{"start":{"line":32,"column":22},"end":{"line":42,"column":2}},"15":{"start":{"line":44,"column":0},"end":{"line":61,"column":3}},"16":{"start":{"line":45,"column":17},"end":{"line":45,"column":21}},"17":{"start":{"line":46,"column":4},"end":{"line":48,"column":5}},"18":{"start":{"line":47,"column":8},"end":{"line":47,"column":22}},"19":{"start":{"line":49,"column":4},"end":{"line":60,"column":7}},"20":{"start":{"line":50,"column":8},"end":{"line":52,"column":9}},"21":{"start":{"line":51,"column":12},"end":{"line":51,"column":29}},"22":{"start":{"line":53,"column":8},"end":{"line":59,"column":11}},"23":{"start":{"line":54,"column":12},"end":{"line":56,"column":13}},"24":{"start":{"line":55,"column":16},"end":{"line":55,"column":33}},"25":{"start":{"line":57,"column":12},"end":{"line":57,"column":33}},"26":{"start":{"line":58,"column":12},"end":{"line":58,"column":19}},"27":{"start":{"line":63,"column":0},"end":{"line":76,"column":2}},"28":{"start":{"line":64,"column":17},"end":{"line":64,"column":21}},"29":{"start":{"line":65,"column":4},"end":{"line":75,"column":7}},"30":{"start":{"line":66,"column":8},"end":{"line":74,"column":11}},"31":{"start":{"line":67,"column":12},"end":{"line":69,"column":13}},"32":{"start":{"line":68,"column":16},"end":{"line":68,"column":35}},"33":{"start":{"line":70,"column":12},"end":{"line":72,"column":13}},"34":{"start":{"line":71,"column":16},"end":{"line":71,"column":36}},"35":{"start":{"line":73,"column":12},"end":{"line":73,"column":26}},"36":{"start":{"line":79,"column":20},"end":{"line":89,"column":2}},"37":{"start":{"line":91,"column":0},"end":{"line":108,"column":3}},"38":{"start":{"line":92,"column":17},"end":{"line":92,"column":21}},"39":{"start":{"line":93,"column":4},"end":{"line":95,"column":5}},"40":{"start":{"line":94,"column":8},"end":{"line":94,"column":22}},"41":{"start":{"line":96,"column":4},"end":{"line":107,"column":7}},"42":{"start":{"line":97,"column":8},"end":{"line":99,"column":9}},"43":{"start":{"line":98,"column":12},"end":{"line":98,"column":29}},"44":{"start":{"line":100,"column":8},"end":{"line":106,"column":11}},"45":{"start":{"line":101,"column":12},"end":{"line":103,"column":13}},"46":{"start":{"line":102,"column":16},"end":{"line":102,"column":33}},"47":{"start":{"line":104,"column":12},"end":{"line":104,"column":33}},"48":{"start":{"line":105,"column":12},"end":{"line":105,"column":19}},"49":{"start":{"line":110,"column":0},"end":{"line":123,"column":2}},"50":{"start":{"line":111,"column":17},"end":{"line":111,"column":21}},"51":{"start":{"line":112,"column":4},"end":{"line":122,"column":7}},"52":{"start":{"line":113,"column":8},"end":{"line":121,"column":11}},"53":{"start":{"line":114,"column":12},"end":{"line":116,"column":13}},"54":{"start":{"line":115,"column":16},"end":{"line":115,"column":35}},"55":{"start":{"line":117,"column":12},"end":{"line":119,"column":13}},"56":{"start":{"line":118,"column":16},"end":{"line":118,"column":36}},"57":{"start":{"line":120,"column":12},"end":{"line":120,"column":26}},"58":{"start":{"line":126,"column":20},"end":{"line":144,"column":2}},"59":{"start":{"line":147,"column":24},"end":{"line":168,"column":2}},"60":{"start":{"line":169,"column":0},"end":{"line":169,"column":72}},"61":{"start":{"line":171,"column":20},"end":{"line":189,"column":2}},"62":{"start":{"line":192,"column":22},"end":{"line":207,"column":2}},"63":{"start":{"line":209,"column":21},"end":{"line":240,"column":2}},"64":{"start":{"line":241,"column":0},"end":{"line":241,"column":72}},"65":{"start":{"line":242,"column":17},"end":{"line":260,"column":2}},"66":{"start":{"line":262,"column":22},"end":{"line":275,"column":2}},"67":{"start":{"line":277,"column":29},"end":{"line":286,"column":4}},"68":{"start":{"line":288,"column":20},"end":{"line":306,"column":4}},"69":{"start":{"line":308,"column":11},"end":{"line":308,"column":50}},"70":{"start":{"line":309,"column":14},"end":{"line":309,"column":54}},"71":{"start":{"line":310,"column":14},"end":{"line":310,"column":54}},"72":{"start":{"line":311,"column":18},"end":{"line":311,"column":66}},"73":{"start":{"line":312,"column":14},"end":{"line":312,"column":54}},"74":{"start":{"line":313,"column":16},"end":{"line":313,"column":60}},"75":{"start":{"line":314,"column":15},"end":{"line":314,"column":60}},"76":{"start":{"line":315,"column":11},"end":{"line":315,"column":48}},"77":{"start":{"line":316,"column":10},"end":{"line":316,"column":45}},"78":{"start":{"line":317,"column":16},"end":{"line":317,"column":63}},"79":{"start":{"line":318,"column":0},"end":{"line":329,"column":2}}},"fnMap":{"0":{"name":"(anonymous_0)","decl":{"start":{"line":13,"column":29},"end":{"line":13,"column":30}},"loc":{"start":{"line":13,"column":41},"end":{"line":23,"column":1}},"line":13},"1":{"name":"(anonymous_1)","decl":{"start":{"line":26,"column":25},"end":{"line":26,"column":26}},"loc":{"start":{"line":26,"column":34},"end":{"line":28,"column":1}},"line":26},"2":{"name":"(anonymous_2)","decl":{"start":{"line":44,"column":26},"end":{"line":44,"column":27}},"loc":{"start":{"line":44,"column":42},"end":{"line":61,"column":1}},"line":44},"3":{"name":"(anonymous_3)","decl":{"start":{"line":49,"column":23},"end":{"line":49,"column":24}},"loc":{"start":{"line":49,"column":38},"end":{"line":60,"column":5}},"line":49},"4":{"name":"(anonymous_4)","decl":{"start":{"line":53,"column":41},"end":{"line":53,"column":42}},"loc":{"start":{"line":53,"column":56},"end":{"line":59,"column":9}},"line":53},"5":{"name":"(anonymous_5)","decl":{"start":{"line":63,"column":40},"end":{"line":63,"column":41}},"loc":{"start":{"line":63,"column":69},"end":{"line":76,"column":1}},"line":63},"6":{"name":"(anonymous_6)","decl":{"start":{"line":65,"column":23},"end":{"line":65,"column":24}},"loc":{"start":{"line":65,"column":44},"end":{"line":75,"column":5}},"line":65},"7":{"name":"(anonymous_7)","decl":{"start":{"line":66,"column":57},"end":{"line":66,"column":58}},"loc":{"start":{"line":66,"column":75},"end":{"line":74,"column":9}},"line":66},"8":{"name":"(anonymous_8)","decl":{"start":{"line":91,"column":24},"end":{"line":91,"column":25}},"loc":{"start":{"line":91,"column":40},"end":{"line":108,"column":1}},"line":91},"9":{"name":"(anonymous_9)","decl":{"start":{"line":96,"column":23},"end":{"line":96,"column":24}},"loc":{"start":{"line":96,"column":38},"end":{"line":107,"column":5}},"line":96},"10":{"name":"(anonymous_10)","decl":{"start":{"line":100,"column":41},"end":{"line":100,"column":42}},"loc":{"start":{"line":100,"column":56},"end":{"line":106,"column":9}},"line":100},"11":{"name":"(anonymous_11)","decl":{"start":{"line":110,"column":38},"end":{"line":110,"column":39}},"loc":{"start":{"line":110,"column":67},"end":{"line":123,"column":1}},"line":110},"12":{"name":"(anonymous_12)","decl":{"start":{"line":112,"column":23},"end":{"line":112,"column":24}},"loc":{"start":{"line":112,"column":44},"end":{"line":122,"column":5}},"line":112},"13":{"name":"(anonymous_13)","decl":{"start":{"line":113,"column":57},"end":{"line":113,"column":58}},"loc":{"start":{"line":113,"column":75},"end":{"line":121,"column":9}},"line":113}},"branchMap":{"0":{"loc":{"start":{"line":46,"column":4},"end":{"line":48,"column":5}},"type":"if","locations":[{"start":{"line":46,"column":4},"end":{"line":48,"column":5}},{"start":{},"end":{}}],"line":46},"1":{"loc":{"start":{"line":50,"column":8},"end":{"line":52,"column":9}},"type":"if","locations":[{"start":{"line":50,"column":8},"end":{"line":52,"column":9}},{"start":{},"end":{}}],"line":50},"2":{"loc":{"start":{"line":54,"column":12},"end":{"line":56,"column":13}},"type":"if","locations":[{"start":{"line":54,"column":12},"end":{"line":56,"column":13}},{"start":{},"end":{}}],"line":54},"3":{"loc":{"start":{"line":67,"column":12},"end":{"line":69,"column":13}},"type":"if","locations":[{"start":{"line":67,"column":12},"end":{"line":69,"column":13}},{"start":{},"end":{}}],"line":67},"4":{"loc":{"start":{"line":70,"column":12},"end":{"line":72,"column":13}},"type":"if","locations":[{"start":{"line":70,"column":12},"end":{"line":72,"column":13}},{"start":{},"end":{}}],"line":70},"5":{"loc":{"start":{"line":93,"column":4},"end":{"line":95,"column":5}},"type":"if","locations":[{"start":{"line":93,"column":4},"end":{"line":95,"column":5}},{"start":{},"end":{}}],"line":93},"6":{"loc":{"start":{"line":97,"column":8},"end":{"line":99,"column":9}},"type":"if","locations":[{"start":{"line":97,"column":8},"end":{"line":99,"column":9}},{"start":{},"end":{}}],"line":97},"7":{"loc":{"start":{"line":101,"column":12},"end":{"line":103,"column":13}},"type":"if","locations":[{"start":{"line":101,"column":12},"end":{"line":103,"column":13}},{"start":{},"end":{}}],"line":101},"8":{"loc":{"start":{"line":114,"column":12},"end":{"line":116,"column":13}},"type":"if","locations":[{"start":{"line":114,"column":12},"end":{"line":116,"column":13}},{"start":{},"end":{}}],"line":114},"9":{"loc":{"start":{"line":117,"column":12},"end":{"line":119,"column":13}},"type":"if","locations":[{"start":{"line":117,"column":12},"end":{"line":119,"column":13}},{"start":{},"end":{}}],"line":117}},"s":{"0":0,"1":0,"2":0,"3":0,"4":0,"5":0,"6":0,"7":0,"8":0,"9":0,"10":0,"11":0,"12":0,"13":0,"14":0,"15":0,"16":0,"17":0,"18":0,"19":0,"20":0,"21":0,"22":0,"23":0,"24":0,"25":0,"26":0,"27":0,"28":0,"29":0,"30":0,"31":0,"32":0,"33":0,"34":0,"35":0,"36":0,"37":0,"38":0,"39":0,"40":0,"41":0,"42":0,"43":0,"44":0,"45":0,"46":0,"47":0,"48":0,"49":0,"50":0,"51":0,"52":0,"53":0,"54":0,"55":0,"56":0,"57":0,"58":0,"59":0,"60":0,"61":0,"62":0,"63":0,"64":0,"65":0,"66":0,"67":0,"68":0,"69":0,"70":0,"71":0,"72":0,"73":0,"74":0,"75":0,"76":0,"77":0,"78":0,"79":0},"f":{"0":0,"1":0,"2":0,"3":0,"4":0,"5":0,"6":0,"7":0,"8":0,"9":0,"10":0,"11":0,"12":0,"13":0},"b":{"0":[0,0],"1":[0,0],"2":[0,0],"3":[0,0],"4":[0,0],"5":[0,0],"6":[0,0],"7":[0,0],"8":[0,0],"9":[0,0]}}
,"/Users/umangagarwal/Downloads/e-voting/src/evoting_localstorage/project_evoting/routes/authRoutes.js": {"path":"/Users/umangagarwal/Downloads/e-voting/src/evoting_localstorage/project_evoting/routes/authRoutes.js","statementMap":{"0":{"start":{"line":1,"column":16},"end":{"line":1,"column":34}},"1":{"start":{"line":2,"column":12},"end":{"line":2,"column":35}},"2":{"start":{"line":3,"column":19},"end":{"line":3,"column":37}},"3":{"start":{"line":4,"column":15},"end":{"line":4,"column":31}},"4":{"start":{"line":5,"column":20},"end":{"line":5,"column":57}},"5":{"start":{"line":6,"column":85},"end":{"line":6,"column":110}},"6":{"start":{"line":7,"column":13},"end":{"line":7,"column":28}},"7":{"start":{"line":8,"column":22},"end":{"line":8,"column":46}},"8":{"start":{"line":9,"column":11},"end":{"line":9,"column":24}},"9":{"start":{"line":10,"column":17},"end":{"line":10,"column":32}},"10":{"start":{"line":11,"column":13},"end":{"line":11,"column":28}},"11":{"start":{"line":12,"column":18},"end":{"line":12,"column":42}},"12":{"start":{"line":13,"column":17},"end":{"line":13,"column":36}},"13":{"start":{"line":14,"column":0},"end":{"line":14,"column":19}},"14":{"start":{"line":15,"column":14},"end":{"line":15,"column":30}},"15":{"start":{"line":16,"column":11},"end":{"line":16,"column":24}},"16":{"start":{"line":19,"column":23},"end":{"line":19,"column":67}},"17":{"start":{"line":20,"column":29},"end":{"line":20,"column":38}},"18":{"start":{"line":21,"column":17},"end":{"line":21,"column":67}},"19":{"start":{"line":23,"column":4},"end":{"line":23,"column":81}},"20":{"start":{"line":24,"column":26},"end":{"line":27,"column":6}},"21":{"start":{"line":29,"column":4},"end":{"line":31,"column":5}},"22":{"start":{"line":30,"column":8},"end":{"line":30,"column":34}},"23":{"start":{"line":33,"column":19},"end":{"line":33,"column":57}},"24":{"start":{"line":34,"column":19},"end":{"line":34,"column":57}},"25":{"start":{"line":36,"column":4},"end":{"line":38,"column":5}},"26":{"start":{"line":37,"column":8},"end":{"line":37,"column":48}},"27":{"start":{"line":40,"column":4},"end":{"line":47,"column":5}},"28":{"start":{"line":41,"column":23},"end":{"line":41,"column":29}},"29":{"start":{"line":42,"column":8},"end":{"line":42,"column":27}},"30":{"start":{"line":43,"column":8},"end":{"line":43,"column":24}},"31":{"start":{"line":45,"column":8},"end":{"line":45,"column":75}},"32":{"start":{"line":46,"column":8},"end":{"line":46,"column":20}},"33":{"start":{"line":51,"column":23},"end":{"line":51,"column":79}},"34":{"start":{"line":52,"column":29},"end":{"line":52,"column":38}},"35":{"start":{"line":53,"column":17},"end":{"line":53,"column":67}},"36":{"start":{"line":55,"column":4},"end":{"line":55,"column":66}},"37":{"start":{"line":56,"column":26},"end":{"line":59,"column":6}},"38":{"start":{"line":61,"column":4},"end":{"line":63,"column":5}},"39":{"start":{"line":62,"column":8},"end":{"line":62,"column":34}},"40":{"start":{"line":65,"column":19},"end":{"line":65,"column":57}},"41":{"start":{"line":66,"column":19},"end":{"line":66,"column":57}},"42":{"start":{"line":68,"column":4},"end":{"line":70,"column":5}},"43":{"start":{"line":69,"column":8},"end":{"line":69,"column":48}},"44":{"start":{"line":72,"column":4},"end":{"line":79,"column":5}},"45":{"start":{"line":73,"column":23},"end":{"line":73,"column":29}},"46":{"start":{"line":74,"column":8},"end":{"line":74,"column":27}},"47":{"start":{"line":75,"column":8},"end":{"line":75,"column":24}},"48":{"start":{"line":77,"column":8},"end":{"line":77,"column":75}},"49":{"start":{"line":78,"column":8},"end":{"line":78,"column":20}},"50":{"start":{"line":82,"column":20},"end":{"line":82,"column":84}},"51":{"start":{"line":86,"column":0},"end":{"line":111,"column":3}},"52":{"start":{"line":87,"column":34},"end":{"line":87,"column":42}},"53":{"start":{"line":88,"column":16},"end":{"line":88,"column":41}},"54":{"start":{"line":89,"column":25},"end":{"line":89,"column":55}},"55":{"start":{"line":91,"column":4},"end":{"line":110,"column":5}},"56":{"start":{"line":93,"column":8},"end":{"line":98,"column":9}},"57":{"start":{"line":93,"column":21},"end":{"line":93,"column":22}},"58":{"start":{"line":94,"column":29},"end":{"line":94,"column":67}},"59":{"start":{"line":95,"column":12},"end":{"line":97,"column":13}},"60":{"start":{"line":96,"column":16},"end":{"line":96,"column":95}},"61":{"start":{"line":101,"column":8},"end":{"line":104,"column":9}},"62":{"start":{"line":101,"column":21},"end":{"line":101,"column":22}},"63":{"start":{"line":102,"column":12},"end":{"line":102,"column":54}},"64":{"start":{"line":103,"column":12},"end":{"line":103,"column":56}},"65":{"start":{"line":106,"column":8},"end":{"line":106,"column":80}},"66":{"start":{"line":108,"column":8},"end":{"line":108,"column":29}},"67":{"start":{"line":109,"column":8},"end":{"line":109,"column":55}},"68":{"start":{"line":114,"column":0},"end":{"line":199,"column":3}},"69":{"start":{"line":115,"column":30},"end":{"line":115,"column":38}},"70":{"start":{"line":116,"column":23},"end":{"line":116,"column":32}},"71":{"start":{"line":117,"column":25},"end":{"line":117,"column":43}},"72":{"start":{"line":118,"column":28},"end":{"line":118,"column":37}},"73":{"start":{"line":120,"column":4},"end":{"line":198,"column":5}},"74":{"start":{"line":121,"column":22},"end":{"line":121,"column":82}},"75":{"start":{"line":122,"column":33},"end":{"line":122,"column":63}},"76":{"start":{"line":123,"column":28},"end":{"line":123,"column":81}},"77":{"start":{"line":123,"column":75},"end":{"line":123,"column":80}},"78":{"start":{"line":124,"column":8},"end":{"line":159,"column":11}},"79":{"start":{"line":126,"column":12},"end":{"line":126,"column":63}},"80":{"start":{"line":129,"column":34},"end":{"line":130,"column":94}},"81":{"start":{"line":130,"column":32},"end":{"line":130,"column":93}},"82":{"start":{"line":132,"column":12},"end":{"line":135,"column":13}},"83":{"start":{"line":133,"column":16},"end":{"line":133,"column":64}},"84":{"start":{"line":134,"column":16},"end":{"line":134,"column":23}},"85":{"start":{"line":138,"column":38},"end":{"line":138,"column":68}},"86":{"start":{"line":139,"column":38},"end":{"line":139,"column":83}},"87":{"start":{"line":141,"column":12},"end":{"line":158,"column":15}},"88":{"start":{"line":142,"column":31},"end":{"line":142,"column":70}},"89":{"start":{"line":143,"column":32},"end":{"line":143,"column":71}},"90":{"start":{"line":145,"column":16},"end":{"line":148,"column":19}},"91":{"start":{"line":146,"column":20},"end":{"line":146,"column":76}},"92":{"start":{"line":147,"column":20},"end":{"line":147,"column":30}},"93":{"start":{"line":150,"column":16},"end":{"line":150,"column":44}},"94":{"start":{"line":151,"column":16},"end":{"line":151,"column":37}},"95":{"start":{"line":153,"column":16},"end":{"line":155,"column":19}},"96":{"start":{"line":154,"column":20},"end":{"line":154,"column":83}},"97":{"start":{"line":157,"column":16},"end":{"line":157,"column":35}},"98":{"start":{"line":162,"column":25},"end":{"line":163,"column":93}},"99":{"start":{"line":163,"column":28},"end":{"line":163,"column":92}},"100":{"start":{"line":165,"column":8},"end":{"line":167,"column":9}},"101":{"start":{"line":166,"column":12},"end":{"line":166,"column":75}},"102":{"start":{"line":169,"column":30},"end":{"line":169,"column":58}},"103":{"start":{"line":170,"column":30},"end":{"line":170,"column":71}},"104":{"start":{"line":172,"column":8},"end":{"line":185,"column":11}},"105":{"start":{"line":173,"column":33},"end":{"line":173,"column":68}},"106":{"start":{"line":174,"column":28},"end":{"line":174,"column":67}},"107":{"start":{"line":176,"column":12},"end":{"line":176,"column":46}},"108":{"start":{"line":177,"column":12},"end":{"line":177,"column":40}},"109":{"start":{"line":178,"column":12},"end":{"line":178,"column":39}},"110":{"start":{"line":180,"column":12},"end":{"line":182,"column":15}},"111":{"start":{"line":181,"column":16},"end":{"line":181,"column":79}},"112":{"start":{"line":184,"column":12},"end":{"line":184,"column":31}},"113":{"start":{"line":188,"column":8},"end":{"line":193,"column":11}},"114":{"start":{"line":189,"column":12},"end":{"line":192,"column":13}},"115":{"start":{"line":190,"column":16},"end":{"line":190,"column":54}},"116":{"start":{"line":191,"column":16},"end":{"line":191,"column":78}},"117":{"start":{"line":196,"column":8},"end":{"line":196,"column":29}},"118":{"start":{"line":197,"column":8},"end":{"line":197,"column":55}},"119":{"start":{"line":202,"column":19},"end":{"line":202,"column":23}},"120":{"start":{"line":203,"column":0},"end":{"line":302,"column":3}},"121":{"start":{"line":204,"column":4},"end":{"line":301,"column":5}},"122":{"start":{"line":206,"column":26},"end":{"line":206,"column":34}},"123":{"start":{"line":207,"column":8},"end":{"line":212,"column":9}},"124":{"start":{"line":208,"column":12},"end":{"line":211,"column":15}},"125":{"start":{"line":214,"column":28},"end":{"line":214,"column":29}},"126":{"start":{"line":215,"column":27},"end":{"line":215,"column":28}},"127":{"start":{"line":216,"column":28},"end":{"line":216,"column":29}},"128":{"start":{"line":219,"column":8},"end":{"line":283,"column":9}},"129":{"start":{"line":219,"column":21},"end":{"line":219,"column":22}},"130":{"start":{"line":220,"column":26},"end":{"line":220,"column":56}},"131":{"start":{"line":223,"column":28},"end":{"line":238,"column":15}},"132":{"start":{"line":223,"column":46},"end":{"line":238,"column":13}},"133":{"start":{"line":241,"column":31},"end":{"line":244,"column":14}},"134":{"start":{"line":246,"column":12},"end":{"line":246,"column":59}},"135":{"start":{"line":247,"column":12},"end":{"line":247,"column":57}},"136":{"start":{"line":248,"column":12},"end":{"line":248,"column":59}},"137":{"start":{"line":251,"column":32},"end":{"line":251,"column":75}},"138":{"start":{"line":252,"column":12},"end":{"line":271,"column":13}},"139":{"start":{"line":253,"column":37},"end":{"line":255,"column":18}},"140":{"start":{"line":258,"column":16},"end":{"line":270,"column":20}},"141":{"start":{"line":259,"column":43},"end":{"line":259,"column":48}},"142":{"start":{"line":260,"column":36},"end":{"line":260,"column":83}},"143":{"start":{"line":262,"column":20},"end":{"line":269,"column":21}},"144":{"start":{"line":263,"column":44},"end":{"line":263,"column":51}},"145":{"start":{"line":264,"column":48},"end":{"line":267,"column":25}},"146":{"start":{"line":268,"column":24},"end":{"line":268,"column":114}},"147":{"start":{"line":273,"column":42},"end":{"line":276,"column":15}},"148":{"start":{"line":273,"column":60},"end":{"line":276,"column":13}},"149":{"start":{"line":278,"column":38},"end":{"line":282,"column":13}},"150":{"start":{"line":285,"column":8},"end":{"line":291,"column":11}},"151":{"start":{"line":292,"column":8},"end":{"line":292,"column":44}},"152":{"start":{"line":294,"column":8},"end":{"line":294,"column":27}},"153":{"start":{"line":295,"column":8},"end":{"line":299,"column":11}},"154":{"start":{"line":300,"column":8},"end":{"line":300,"column":43}},"155":{"start":{"line":304,"column":0},"end":{"line":304,"column":24}},"156":{"start":{"line":307,"column":0},"end":{"line":408,"column":3}},"157":{"start":{"line":308,"column":4},"end":{"line":407,"column":5}},"158":{"start":{"line":309,"column":25},"end":{"line":309,"column":33}},"159":{"start":{"line":310,"column":27},"end":{"line":310,"column":31}},"160":{"start":{"line":312,"column":8},"end":{"line":392,"column":9}},"161":{"start":{"line":312,"column":21},"end":{"line":312,"column":22}},"162":{"start":{"line":313,"column":26},"end":{"line":313,"column":59}},"163":{"start":{"line":316,"column":12},"end":{"line":316,"column":66}},"164":{"start":{"line":319,"column":32},"end":{"line":319,"column":41}},"165":{"start":{"line":322,"column":12},"end":{"line":329,"column":15}},"166":{"start":{"line":323,"column":16},"end":{"line":328,"column":17}},"167":{"start":{"line":324,"column":20},"end":{"line":327,"column":23}},"168":{"start":{"line":332,"column":32},"end":{"line":332,"column":62}},"169":{"start":{"line":335,"column":32},"end":{"line":349,"column":14}},"170":{"start":{"line":352,"column":12},"end":{"line":356,"column":15}},"171":{"start":{"line":353,"column":16},"end":{"line":355,"column":17}},"172":{"start":{"line":354,"column":20},"end":{"line":354,"column":69}},"173":{"start":{"line":359,"column":12},"end":{"line":365,"column":15}},"174":{"start":{"line":360,"column":33},"end":{"line":360,"column":71}},"175":{"start":{"line":361,"column":34},"end":{"line":361,"column":65}},"176":{"start":{"line":362,"column":16},"end":{"line":364,"column":17}},"177":{"start":{"line":363,"column":20},"end":{"line":363,"column":47}},"178":{"start":{"line":368,"column":35},"end":{"line":368,"column":37}},"179":{"start":{"line":369,"column":12},"end":{"line":386,"column":13}},"180":{"start":{"line":371,"column":37},"end":{"line":374,"column":18}},"181":{"start":{"line":376,"column":16},"end":{"line":385,"column":17}},"182":{"start":{"line":377,"column":35},"end":{"line":377,"column":49}},"183":{"start":{"line":378,"column":20},"end":{"line":384,"column":23}},"184":{"start":{"line":389,"column":12},"end":{"line":391,"column":13}},"185":{"start":{"line":390,"column":16},"end":{"line":390,"column":79}},"186":{"start":{"line":394,"column":8},"end":{"line":397,"column":11}},"187":{"start":{"line":400,"column":8},"end":{"line":400,"column":27}},"188":{"start":{"line":401,"column":8},"end":{"line":406,"column":11}},"189":{"start":{"line":411,"column":0},"end":{"line":426,"column":3}},"190":{"start":{"line":412,"column":4},"end":{"line":425,"column":5}},"191":{"start":{"line":413,"column":25},"end":{"line":413,"column":33}},"192":{"start":{"line":414,"column":27},"end":{"line":414,"column":31}},"193":{"start":{"line":416,"column":8},"end":{"line":419,"column":9}},"194":{"start":{"line":416,"column":21},"end":{"line":416,"column":22}},"195":{"start":{"line":417,"column":26},"end":{"line":417,"column":59}},"196":{"start":{"line":418,"column":12},"end":{"line":418,"column":39}},"197":{"start":{"line":421,"column":8},"end":{"line":421,"column":105}},"198":{"start":{"line":423,"column":8},"end":{"line":423,"column":27}},"199":{"start":{"line":424,"column":8},"end":{"line":424,"column":117}},"200":{"start":{"line":428,"column":0},"end":{"line":443,"column":3}},"201":{"start":{"line":429,"column":4},"end":{"line":442,"column":5}},"202":{"start":{"line":430,"column":25},"end":{"line":430,"column":33}},"203":{"start":{"line":433,"column":8},"end":{"line":436,"column":9}},"204":{"start":{"line":433,"column":21},"end":{"line":433,"column":22}},"205":{"start":{"line":434,"column":26},"end":{"line":434,"column":59}},"206":{"start":{"line":435,"column":12},"end":{"line":435,"column":42}},"207":{"start":{"line":438,"column":8},"end":{"line":438,"column":95}},"208":{"start":{"line":440,"column":8},"end":{"line":440,"column":27}},"209":{"start":{"line":441,"column":8},"end":{"line":441,"column":117}},"210":{"start":{"line":448,"column":0},"end":{"line":466,"column":3}},"211":{"start":{"line":449,"column":4},"end":{"line":465,"column":5}},"212":{"start":{"line":450,"column":28},"end":{"line":450,"column":45}},"213":{"start":{"line":451,"column":8},"end":{"line":453,"column":9}},"214":{"start":{"line":452,"column":12},"end":{"line":452,"column":78}},"215":{"start":{"line":454,"column":21},"end":{"line":454,"column":52}},"216":{"start":{"line":455,"column":8},"end":{"line":457,"column":9}},"217":{"start":{"line":456,"column":12},"end":{"line":456,"column":86}},"218":{"start":{"line":458,"column":8},"end":{"line":458,"column":28}},"219":{"start":{"line":459,"column":8},"end":{"line":459,"column":57}},"220":{"start":{"line":460,"column":8},"end":{"line":460,"column":48}},"221":{"start":{"line":462,"column":8},"end":{"line":462,"column":27}},"222":{"start":{"line":463,"column":8},"end":{"line":463,"column":42}},"223":{"start":{"line":464,"column":8},"end":{"line":464,"column":47}},"224":{"start":{"line":469,"column":0},"end":{"line":476,"column":3}},"225":{"start":{"line":470,"column":4},"end":{"line":475,"column":5}},"226":{"start":{"line":471,"column":22},"end":{"line":471,"column":68}},"227":{"start":{"line":472,"column":8},"end":{"line":472,"column":24}},"228":{"start":{"line":474,"column":8},"end":{"line":474,"column":53}},"229":{"start":{"line":480,"column":0},"end":{"line":535,"column":5}},"230":{"start":{"line":481,"column":4},"end":{"line":534,"column":5}},"231":{"start":{"line":482,"column":19},"end":{"line":482,"column":42}},"232":{"start":{"line":483,"column":25},"end":{"line":483,"column":54}},"233":{"start":{"line":486,"column":30},"end":{"line":489,"column":12}},"234":{"start":{"line":487,"column":8},"end":{"line":487,"column":72}},"235":{"start":{"line":488,"column":8},"end":{"line":488,"column":19}},"236":{"start":{"line":492,"column":27},"end":{"line":504,"column":12}},"237":{"start":{"line":493,"column":27},"end":{"line":493,"column":53}},"238":{"start":{"line":494,"column":8},"end":{"line":494,"column":51}},"239":{"start":{"line":494,"column":30},"end":{"line":494,"column":51}},"240":{"start":{"line":496,"column":8},"end":{"line":502,"column":9}},"241":{"start":{"line":497,"column":10},"end":{"line":501,"column":13}},"242":{"start":{"line":498,"column":12},"end":{"line":500,"column":13}},"243":{"start":{"line":499,"column":14},"end":{"line":499,"column":44}},"244":{"start":{"line":503,"column":8},"end":{"line":503,"column":19}},"245":{"start":{"line":507,"column":23},"end":{"line":528,"column":12}},"246":{"start":{"line":508,"column":35},"end":{"line":510,"column":9}},"247":{"start":{"line":509,"column":10},"end":{"line":509,"column":49}},"248":{"start":{"line":512,"column":27},"end":{"line":512,"column":71}},"249":{"start":{"line":513,"column":8},"end":{"line":517,"column":11}},"250":{"start":{"line":514,"column":10},"end":{"line":516,"column":11}},"251":{"start":{"line":515,"column":12},"end":{"line":515,"column":31}},"252":{"start":{"line":519,"column":8},"end":{"line":526,"column":10}},"253":{"start":{"line":521,"column":68},"end":{"line":525,"column":11}},"254":{"start":{"line":527,"column":8},"end":{"line":527,"column":19}},"255":{"start":{"line":530,"column":6},"end":{"line":530,"column":25}},"256":{"start":{"line":532,"column":6},"end":{"line":532,"column":49}},"257":{"start":{"line":533,"column":6},"end":{"line":533,"column":51}},"258":{"start":{"line":541,"column":0},"end":{"line":560,"column":3}},"259":{"start":{"line":542,"column":32},"end":{"line":542,"column":40}},"260":{"start":{"line":543,"column":4},"end":{"line":545,"column":5}},"261":{"start":{"line":544,"column":8},"end":{"line":544,"column":81}},"262":{"start":{"line":547,"column":4},"end":{"line":559,"column":5}},"263":{"start":{"line":548,"column":22},"end":{"line":548,"column":49}},"264":{"start":{"line":549,"column":8},"end":{"line":551,"column":9}},"265":{"start":{"line":550,"column":12},"end":{"line":550,"column":100}},"266":{"start":{"line":553,"column":8},"end":{"line":553,"column":46}},"267":{"start":{"line":554,"column":22},"end":{"line":554,"column":61}},"268":{"start":{"line":555,"column":8},"end":{"line":555,"column":28}},"269":{"start":{"line":557,"column":8},"end":{"line":557,"column":27}},"270":{"start":{"line":558,"column":8},"end":{"line":558,"column":49}},"271":{"start":{"line":563,"column":0},"end":{"line":580,"column":3}},"272":{"start":{"line":564,"column":32},"end":{"line":564,"column":40}},"273":{"start":{"line":565,"column":4},"end":{"line":567,"column":5}},"274":{"start":{"line":566,"column":8},"end":{"line":566,"column":81}},"275":{"start":{"line":568,"column":21},"end":{"line":568,"column":51}},"276":{"start":{"line":569,"column":4},"end":{"line":571,"column":5}},"277":{"start":{"line":570,"column":8},"end":{"line":570,"column":86}},"278":{"start":{"line":572,"column":4},"end":{"line":579,"column":5}},"279":{"start":{"line":573,"column":8},"end":{"line":573,"column":49}},"280":{"start":{"line":574,"column":22},"end":{"line":574,"column":64}},"281":{"start":{"line":575,"column":8},"end":{"line":575,"column":26}},"282":{"start":{"line":576,"column":8},"end":{"line":576,"column":28}},"283":{"start":{"line":578,"column":8},"end":{"line":578,"column":49}},"284":{"start":{"line":582,"column":0},"end":{"line":612,"column":3}},"285":{"start":{"line":583,"column":48},"end":{"line":583,"column":56}},"286":{"start":{"line":586,"column":4},"end":{"line":588,"column":5}},"287":{"start":{"line":587,"column":8},"end":{"line":587,"column":104}},"288":{"start":{"line":590,"column":4},"end":{"line":611,"column":5}},"289":{"start":{"line":592,"column":22},"end":{"line":592,"column":52}},"290":{"start":{"line":593,"column":8},"end":{"line":595,"column":9}},"291":{"start":{"line":594,"column":12},"end":{"line":594,"column":71}},"292":{"start":{"line":598,"column":24},"end":{"line":598,"column":64}},"293":{"start":{"line":599,"column":8},"end":{"line":601,"column":9}},"294":{"start":{"line":600,"column":12},"end":{"line":600,"column":81}},"295":{"start":{"line":604,"column":8},"end":{"line":604,"column":37}},"296":{"start":{"line":605,"column":8},"end":{"line":605,"column":27}},"297":{"start":{"line":607,"column":8},"end":{"line":607,"column":64}},"298":{"start":{"line":609,"column":8},"end":{"line":609,"column":27}},"299":{"start":{"line":610,"column":8},"end":{"line":610,"column":66}},"300":{"start":{"line":614,"column":0},"end":{"line":684,"column":3}},"301":{"start":{"line":615,"column":4},"end":{"line":683,"column":5}},"302":{"start":{"line":617,"column":24},"end":{"line":617,"column":132}},"303":{"start":{"line":618,"column":32},"end":{"line":618,"column":41}},"304":{"start":{"line":619,"column":28},"end":{"line":619,"column":69}},"305":{"start":{"line":622,"column":8},"end":{"line":627,"column":9}},"306":{"start":{"line":623,"column":12},"end":{"line":626,"column":15}},"307":{"start":{"line":630,"column":23},"end":{"line":630,"column":52}},"308":{"start":{"line":631,"column":8},"end":{"line":631,"column":70}},"309":{"start":{"line":634,"column":26},"end":{"line":634,"column":96}},"310":{"start":{"line":634,"column":73},"end":{"line":634,"column":95}},"311":{"start":{"line":635,"column":8},"end":{"line":640,"column":9}},"312":{"start":{"line":636,"column":12},"end":{"line":639,"column":15}},"313":{"start":{"line":643,"column":24},"end":{"line":643,"column":63}},"314":{"start":{"line":644,"column":23},"end":{"line":644,"column":56}},"315":{"start":{"line":646,"column":8},"end":{"line":659,"column":11}},"316":{"start":{"line":647,"column":12},"end":{"line":647,"column":97}},"317":{"start":{"line":650,"column":12},"end":{"line":658,"column":15}},"318":{"start":{"line":651,"column":16},"end":{"line":654,"column":17}},"319":{"start":{"line":652,"column":20},"end":{"line":652,"column":70}},"320":{"start":{"line":653,"column":20},"end":{"line":653,"column":84}},"321":{"start":{"line":657,"column":16},"end":{"line":657,"column":43}},"322":{"start":{"line":661,"column":8},"end":{"line":664,"column":11}},"323":{"start":{"line":662,"column":12},"end":{"line":662,"column":68}},"324":{"start":{"line":663,"column":12},"end":{"line":663,"column":77}},"325":{"start":{"line":667,"column":8},"end":{"line":667,"column":29}},"326":{"start":{"line":670,"column":8},"end":{"line":670,"column":59}},"327":{"start":{"line":673,"column":8},"end":{"line":675,"column":11}},"328":{"start":{"line":674,"column":12},"end":{"line":674,"column":75}},"329":{"start":{"line":678,"column":8},"end":{"line":678,"column":27}},"330":{"start":{"line":681,"column":8},"end":{"line":681,"column":74}},"331":{"start":{"line":682,"column":8},"end":{"line":682,"column":53}},"332":{"start":{"line":687,"column":0},"end":{"line":689,"column":3}},"333":{"start":{"line":688,"column":4},"end":{"line":688,"column":28}},"334":{"start":{"line":692,"column":0},"end":{"line":692,"column":24}}},"fnMap":{"0":{"name":"callPythonFunction","decl":{"start":{"line":18,"column":9},"end":{"line":18,"column":27}},"loc":{"start":{"line":18,"column":53},"end":{"line":48,"column":1}},"line":18},"1":{"name":"callPythonFunction2","decl":{"start":{"line":50,"column":9},"end":{"line":50,"column":28}},"loc":{"start":{"line":50,"column":53},"end":{"line":80,"column":1}},"line":50},"2":{"name":"(anonymous_2)","decl":{"start":{"line":86,"column":35},"end":{"line":86,"column":36}},"loc":{"start":{"line":86,"column":55},"end":{"line":111,"column":1}},"line":86},"3":{"name":"(anonymous_3)","decl":{"start":{"line":114,"column":38},"end":{"line":114,"column":39}},"loc":{"start":{"line":114,"column":58},"end":{"line":199,"column":1}},"line":114},"4":{"name":"(anonymous_4)","decl":{"start":{"line":123,"column":65},"end":{"line":123,"column":66}},"loc":{"start":{"line":123,"column":75},"end":{"line":123,"column":80}},"line":123},"5":{"name":"(anonymous_5)","decl":{"start":{"line":124,"column":61},"end":{"line":124,"column":62}},"loc":{"start":{"line":124,"column":74},"end":{"line":159,"column":9}},"line":124},"6":{"name":"(anonymous_6)","decl":{"start":{"line":130,"column":24},"end":{"line":130,"column":25}},"loc":{"start":{"line":130,"column":32},"end":{"line":130,"column":93}},"line":130},"7":{"name":"(anonymous_7)","decl":{"start":{"line":141,"column":30},"end":{"line":141,"column":31}},"loc":{"start":{"line":141,"column":51},"end":{"line":158,"column":13}},"line":141},"8":{"name":"(anonymous_8)","decl":{"start":{"line":145,"column":35},"end":{"line":145,"column":36}},"loc":{"start":{"line":145,"column":41},"end":{"line":148,"column":17}},"line":145},"9":{"name":"(anonymous_9)","decl":{"start":{"line":153,"column":38},"end":{"line":153,"column":39}},"loc":{"start":{"line":153,"column":46},"end":{"line":155,"column":17}},"line":153},"10":{"name":"(anonymous_10)","decl":{"start":{"line":163,"column":20},"end":{"line":163,"column":21}},"loc":{"start":{"line":163,"column":28},"end":{"line":163,"column":92}},"line":163},"11":{"name":"(anonymous_11)","decl":{"start":{"line":172,"column":26},"end":{"line":172,"column":27}},"loc":{"start":{"line":172,"column":47},"end":{"line":185,"column":9}},"line":172},"12":{"name":"(anonymous_12)","decl":{"start":{"line":180,"column":29},"end":{"line":180,"column":30}},"loc":{"start":{"line":180,"column":37},"end":{"line":182,"column":13}},"line":180},"13":{"name":"(anonymous_13)","decl":{"start":{"line":188,"column":51},"end":{"line":188,"column":52}},"loc":{"start":{"line":188,"column":60},"end":{"line":193,"column":9}},"line":188},"14":{"name":"(anonymous_14)","decl":{"start":{"line":203,"column":36},"end":{"line":203,"column":37}},"loc":{"start":{"line":203,"column":56},"end":{"line":302,"column":1}},"line":203},"15":{"name":"(anonymous_15)","decl":{"start":{"line":223,"column":38},"end":{"line":223,"column":39}},"loc":{"start":{"line":223,"column":46},"end":{"line":238,"column":13}},"line":223},"16":{"name":"(anonymous_16)","decl":{"start":{"line":258,"column":51},"end":{"line":258,"column":52}},"loc":{"start":{"line":258,"column":68},"end":{"line":270,"column":17}},"line":258},"17":{"name":"(anonymous_17)","decl":{"start":{"line":273,"column":52},"end":{"line":273,"column":53}},"loc":{"start":{"line":273,"column":60},"end":{"line":276,"column":13}},"line":273},"18":{"name":"(anonymous_18)","decl":{"start":{"line":307,"column":46},"end":{"line":307,"column":47}},"loc":{"start":{"line":307,"column":66},"end":{"line":408,"column":1}},"line":307},"19":{"name":"(anonymous_19)","decl":{"start":{"line":322,"column":26},"end":{"line":322,"column":27}},"loc":{"start":{"line":322,"column":39},"end":{"line":329,"column":13}},"line":322},"20":{"name":"(anonymous_20)","decl":{"start":{"line":352,"column":32},"end":{"line":352,"column":33}},"loc":{"start":{"line":352,"column":42},"end":{"line":356,"column":13}},"line":352},"21":{"name":"(anonymous_21)","decl":{"start":{"line":359,"column":26},"end":{"line":359,"column":27}},"loc":{"start":{"line":359,"column":39},"end":{"line":365,"column":13}},"line":359},"22":{"name":"(anonymous_22)","decl":{"start":{"line":411,"column":39},"end":{"line":411,"column":40}},"loc":{"start":{"line":411,"column":59},"end":{"line":426,"column":1}},"line":411},"23":{"name":"(anonymous_23)","decl":{"start":{"line":428,"column":43},"end":{"line":428,"column":44}},"loc":{"start":{"line":428,"column":63},"end":{"line":443,"column":1}},"line":428},"24":{"name":"(anonymous_24)","decl":{"start":{"line":448,"column":33},"end":{"line":448,"column":34}},"loc":{"start":{"line":448,"column":53},"end":{"line":466,"column":1}},"line":448},"25":{"name":"(anonymous_25)","decl":{"start":{"line":469,"column":24},"end":{"line":469,"column":25}},"loc":{"start":{"line":469,"column":44},"end":{"line":476,"column":1}},"line":469},"26":{"name":"(anonymous_26)","decl":{"start":{"line":480,"column":24},"end":{"line":480,"column":25}},"loc":{"start":{"line":480,"column":44},"end":{"line":535,"column":3}},"line":480},"27":{"name":"(anonymous_27)","decl":{"start":{"line":486,"column":48},"end":{"line":486,"column":49}},"loc":{"start":{"line":486,"column":68},"end":{"line":489,"column":7}},"line":486},"28":{"name":"(anonymous_28)","decl":{"start":{"line":492,"column":39},"end":{"line":492,"column":40}},"loc":{"start":{"line":492,"column":53},"end":{"line":504,"column":7}},"line":492},"29":{"name":"(anonymous_29)","decl":{"start":{"line":497,"column":38},"end":{"line":497,"column":39}},"loc":{"start":{"line":497,"column":46},"end":{"line":501,"column":11}},"line":497},"30":{"name":"(anonymous_30)","decl":{"start":{"line":507,"column":56},"end":{"line":507,"column":57}},"loc":{"start":{"line":507,"column":77},"end":{"line":528,"column":7}},"line":507},"31":{"name":"(anonymous_31)","decl":{"start":{"line":508,"column":53},"end":{"line":508,"column":54}},"loc":{"start":{"line":509,"column":10},"end":{"line":509,"column":49}},"line":509},"32":{"name":"(anonymous_32)","decl":{"start":{"line":513,"column":41},"end":{"line":513,"column":42}},"loc":{"start":{"line":513,"column":49},"end":{"line":517,"column":9}},"line":513},"33":{"name":"(anonymous_33)","decl":{"start":{"line":521,"column":45},"end":{"line":521,"column":46}},"loc":{"start":{"line":521,"column":68},"end":{"line":525,"column":11}},"line":521},"34":{"name":"(anonymous_34)","decl":{"start":{"line":541,"column":26},"end":{"line":541,"column":27}},"loc":{"start":{"line":541,"column":46},"end":{"line":560,"column":1}},"line":541},"35":{"name":"(anonymous_35)","decl":{"start":{"line":563,"column":29},"end":{"line":563,"column":30}},"loc":{"start":{"line":563,"column":49},"end":{"line":580,"column":1}},"line":563},"36":{"name":"(anonymous_36)","decl":{"start":{"line":582,"column":44},"end":{"line":582,"column":45}},"loc":{"start":{"line":582,"column":64},"end":{"line":612,"column":1}},"line":582},"37":{"name":"(anonymous_37)","decl":{"start":{"line":614,"column":26},"end":{"line":614,"column":27}},"loc":{"start":{"line":614,"column":46},"end":{"line":684,"column":1}},"line":614},"38":{"name":"(anonymous_38)","decl":{"start":{"line":634,"column":65},"end":{"line":634,"column":66}},"loc":{"start":{"line":634,"column":73},"end":{"line":634,"column":95}},"line":634},"39":{"name":"(anonymous_39)","decl":{"start":{"line":646,"column":27},"end":{"line":646,"column":28}},"loc":{"start":{"line":646,"column":33},"end":{"line":659,"column":9}},"line":646},"40":{"name":"(anonymous_40)","decl":{"start":{"line":650,"column":54},"end":{"line":650,"column":55}},"loc":{"start":{"line":650,"column":63},"end":{"line":658,"column":13}},"line":650},"41":{"name":"(anonymous_41)","decl":{"start":{"line":661,"column":28},"end":{"line":661,"column":29}},"loc":{"start":{"line":661,"column":37},"end":{"line":664,"column":9}},"line":661},"42":{"name":"(anonymous_42)","decl":{"start":{"line":673,"column":26},"end":{"line":673,"column":27}},"loc":{"start":{"line":673,"column":34},"end":{"line":675,"column":9}},"line":673},"43":{"name":"(anonymous_43)","decl":{"start":{"line":687,"column":22},"end":{"line":687,"column":23}},"loc":{"start":{"line":687,"column":36},"end":{"line":689,"column":1}},"line":687}},"branchMap":{"0":{"loc":{"start":{"line":29,"column":4},"end":{"line":31,"column":5}},"type":"if","locations":[{"start":{"line":29,"column":4},"end":{"line":31,"column":5}},{"start":{},"end":{}}],"line":29},"1":{"loc":{"start":{"line":36,"column":4},"end":{"line":38,"column":5}},"type":"if","locations":[{"start":{"line":36,"column":4},"end":{"line":38,"column":5}},{"start":{},"end":{}}],"line":36},"2":{"loc":{"start":{"line":61,"column":4},"end":{"line":63,"column":5}},"type":"if","locations":[{"start":{"line":61,"column":4},"end":{"line":63,"column":5}},{"start":{},"end":{}}],"line":61},"3":{"loc":{"start":{"line":68,"column":4},"end":{"line":70,"column":5}},"type":"if","locations":[{"start":{"line":68,"column":4},"end":{"line":70,"column":5}},{"start":{},"end":{}}],"line":68},"4":{"loc":{"start":{"line":95,"column":12},"end":{"line":97,"column":13}},"type":"if","locations":[{"start":{"line":95,"column":12},"end":{"line":97,"column":13}},{"start":{},"end":{}}],"line":95},"5":{"loc":{"start":{"line":130,"column":32},"end":{"line":130,"column":93}},"type":"binary-expr","locations":[{"start":{"line":130,"column":32},"end":{"line":130,"column":68}},{"start":{"line":130,"column":72},"end":{"line":130,"column":93}}],"line":130},"6":{"loc":{"start":{"line":132,"column":12},"end":{"line":135,"column":13}},"type":"if","locations":[{"start":{"line":132,"column":12},"end":{"line":135,"column":13}},{"start":{},"end":{}}],"line":132},"7":{"loc":{"start":{"line":163,"column":28},"end":{"line":163,"column":92}},"type":"binary-expr","locations":[{"start":{"line":163,"column":28},"end":{"line":163,"column":59}},{"start":{"line":163,"column":63},"end":{"line":163,"column":92}}],"line":163},"8":{"loc":{"start":{"line":165,"column":8},"end":{"line":167,"column":9}},"type":"if","locations":[{"start":{"line":165,"column":8},"end":{"line":167,"column":9}},{"start":{},"end":{}}],"line":165},"9":{"loc":{"start":{"line":189,"column":12},"end":{"line":192,"column":13}},"type":"if","locations":[{"start":{"line":189,"column":12},"end":{"line":192,"column":13}},{"start":{},"end":{}}],"line":189},"10":{"loc":{"start":{"line":207,"column":8},"end":{"line":212,"column":9}},"type":"if","locations":[{"start":{"line":207,"column":8},"end":{"line":212,"column":9}},{"start":{},"end":{}}],"line":207},"11":{"loc":{"start":{"line":207,"column":12},"end":{"line":207,"column":55}},"type":"binary-expr","locations":[{"start":{"line":207,"column":12},"end":{"line":207,"column":33}},{"start":{"line":207,"column":37},"end":{"line":207,"column":55}}],"line":207},"12":{"loc":{"start":{"line":246,"column":29},"end":{"line":246,"column":58}},"type":"binary-expr","locations":[{"start":{"line":246,"column":29},"end":{"line":246,"column":53}},{"start":{"line":246,"column":57},"end":{"line":246,"column":58}}],"line":246},"13":{"loc":{"start":{"line":247,"column":28},"end":{"line":247,"column":56}},"type":"binary-expr","locations":[{"start":{"line":247,"column":28},"end":{"line":247,"column":51}},{"start":{"line":247,"column":55},"end":{"line":247,"column":56}}],"line":247},"14":{"loc":{"start":{"line":248,"column":29},"end":{"line":248,"column":58}},"type":"binary-expr","locations":[{"start":{"line":248,"column":29},"end":{"line":248,"column":53}},{"start":{"line":248,"column":57},"end":{"line":248,"column":58}}],"line":248},"15":{"loc":{"start":{"line":251,"column":46},"end":{"line":251,"column":74}},"type":"binary-expr","locations":[{"start":{"line":251,"column":46},"end":{"line":251,"column":68}},{"start":{"line":251,"column":72},"end":{"line":251,"column":74}}],"line":251},"16":{"loc":{"start":{"line":252,"column":12},"end":{"line":271,"column":13}},"type":"if","locations":[{"start":{"line":252,"column":12},"end":{"line":271,"column":13}},{"start":{},"end":{}}],"line":252},"17":{"loc":{"start":{"line":262,"column":20},"end":{"line":269,"column":21}},"type":"if","locations":[{"start":{"line":262,"column":20},"end":{"line":269,"column":21}},{"start":{},"end":{}}],"line":262},"18":{"loc":{"start":{"line":323,"column":16},"end":{"line":328,"column":17}},"type":"if","locations":[{"start":{"line":323,"column":16},"end":{"line":328,"column":17}},{"start":{},"end":{}}],"line":323},"19":{"loc":{"start":{"line":353,"column":16},"end":{"line":355,"column":17}},"type":"if","locations":[{"start":{"line":353,"column":16},"end":{"line":355,"column":17}},{"start":{},"end":{}}],"line":353},"20":{"loc":{"start":{"line":362,"column":16},"end":{"line":364,"column":17}},"type":"if","locations":[{"start":{"line":362,"column":16},"end":{"line":364,"column":17}},{"start":{},"end":{}}],"line":362},"21":{"loc":{"start":{"line":376,"column":16},"end":{"line":385,"column":17}},"type":"if","locations":[{"start":{"line":376,"column":16},"end":{"line":385,"column":17}},{"start":{},"end":{}}],"line":376},"22":{"loc":{"start":{"line":389,"column":12},"end":{"line":391,"column":13}},"type":"if","locations":[{"start":{"line":389,"column":12},"end":{"line":391,"column":13}},{"start":{},"end":{}}],"line":389},"23":{"loc":{"start":{"line":403,"column":21},"end":{"line":405,"column":37}},"type":"cond-expr","locations":[{"start":{"line":404,"column":18},"end":{"line":404,"column":48}},{"start":{"line":405,"column":18},"end":{"line":405,"column":37}}],"line":403},"24":{"loc":{"start":{"line":451,"column":8},"end":{"line":453,"column":9}},"type":"if","locations":[{"start":{"line":451,"column":8},"end":{"line":453,"column":9}},{"start":{},"end":{}}],"line":451},"25":{"loc":{"start":{"line":455,"column":8},"end":{"line":457,"column":9}},"type":"if","locations":[{"start":{"line":455,"column":8},"end":{"line":457,"column":9}},{"start":{},"end":{}}],"line":455},"26":{"loc":{"start":{"line":494,"column":8},"end":{"line":494,"column":51}},"type":"if","locations":[{"start":{"line":494,"column":8},"end":{"line":494,"column":51}},{"start":{},"end":{}}],"line":494},"27":{"loc":{"start":{"line":496,"column":8},"end":{"line":502,"column":9}},"type":"if","locations":[{"start":{"line":496,"column":8},"end":{"line":502,"column":9}},{"start":{},"end":{}}],"line":496},"28":{"loc":{"start":{"line":496,"column":12},"end":{"line":496,"column":74}},"type":"binary-expr","locations":[{"start":{"line":496,"column":12},"end":{"line":496,"column":43}},{"start":{"line":496,"column":47},"end":{"line":496,"column":74}}],"line":496},"29":{"loc":{"start":{"line":498,"column":12},"end":{"line":500,"column":13}},"type":"if","locations":[{"start":{"line":498,"column":12},"end":{"line":500,"column":13}},{"start":{},"end":{}}],"line":498},"30":{"loc":{"start":{"line":498,"column":16},"end":{"line":498,"column":55}},"type":"binary-expr","locations":[{"start":{"line":498,"column":16},"end":{"line":498,"column":35}},{"start":{"line":498,"column":39},"end":{"line":498,"column":55}}],"line":498},"31":{"loc":{"start":{"line":514,"column":10},"end":{"line":516,"column":11}},"type":"if","locations":[{"start":{"line":514,"column":10},"end":{"line":516,"column":11}},{"start":{},"end":{}}],"line":514},"32":{"loc":{"start":{"line":514,"column":14},"end":{"line":514,"column":51}},"type":"binary-expr","locations":[{"start":{"line":514,"column":14},"end":{"line":514,"column":23}},{"start":{"line":514,"column":27},"end":{"line":514,"column":51}}],"line":514},"33":{"loc":{"start":{"line":520,"column":25},"end":{"line":520,"column":74}},"type":"binary-expr","locations":[{"start":{"line":520,"column":25},"end":{"line":520,"column":52}},{"start":{"line":520,"column":56},"end":{"line":520,"column":74}}],"line":520},"34":{"loc":{"start":{"line":524,"column":19},"end":{"line":524,"column":41}},"type":"binary-expr","locations":[{"start":{"line":524,"column":19},"end":{"line":524,"column":36}},{"start":{"line":524,"column":40},"end":{"line":524,"column":41}}],"line":524},"35":{"loc":{"start":{"line":543,"column":4},"end":{"line":545,"column":5}},"type":"if","locations":[{"start":{"line":543,"column":4},"end":{"line":545,"column":5}},{"start":{},"end":{}}],"line":543},"36":{"loc":{"start":{"line":543,"column":8},"end":{"line":543,"column":27}},"type":"binary-expr","locations":[{"start":{"line":543,"column":8},"end":{"line":543,"column":14}},{"start":{"line":543,"column":18},"end":{"line":543,"column":27}}],"line":543},"37":{"loc":{"start":{"line":549,"column":8},"end":{"line":551,"column":9}},"type":"if","locations":[{"start":{"line":549,"column":8},"end":{"line":551,"column":9}},{"start":{},"end":{}}],"line":549},"38":{"loc":{"start":{"line":565,"column":4},"end":{"line":567,"column":5}},"type":"if","locations":[{"start":{"line":565,"column":4},"end":{"line":567,"column":5}},{"start":{},"end":{}}],"line":565},"39":{"loc":{"start":{"line":565,"column":8},"end":{"line":565,"column":27}},"type":"binary-expr","locations":[{"start":{"line":565,"column":8},"end":{"line":565,"column":14}},{"start":{"line":565,"column":18},"end":{"line":565,"column":27}}],"line":565},"40":{"loc":{"start":{"line":569,"column":4},"end":{"line":571,"column":5}},"type":"if","locations":[{"start":{"line":569,"column":4},"end":{"line":571,"column":5}},{"start":{},"end":{}}],"line":569},"41":{"loc":{"start":{"line":586,"column":4},"end":{"line":588,"column":5}},"type":"if","locations":[{"start":{"line":586,"column":4},"end":{"line":588,"column":5}},{"start":{},"end":{}}],"line":586},"42":{"loc":{"start":{"line":586,"column":8},"end":{"line":586,"column":46}},"type":"binary-expr","locations":[{"start":{"line":586,"column":8},"end":{"line":586,"column":14}},{"start":{"line":586,"column":18},"end":{"line":586,"column":30}},{"start":{"line":586,"column":34},"end":{"line":586,"column":46}}],"line":586},"43":{"loc":{"start":{"line":593,"column":8},"end":{"line":595,"column":9}},"type":"if","locations":[{"start":{"line":593,"column":8},"end":{"line":595,"column":9}},{"start":{},"end":{}}],"line":593},"44":{"loc":{"start":{"line":599,"column":8},"end":{"line":601,"column":9}},"type":"if","locations":[{"start":{"line":599,"column":8},"end":{"line":601,"column":9}},{"start":{},"end":{}}],"line":599},"45":{"loc":{"start":{"line":622,"column":8},"end":{"line":627,"column":9}},"type":"if","locations":[{"start":{"line":622,"column":8},"end":{"line":627,"column":9}},{"start":{},"end":{}}],"line":622},"46":{"loc":{"start":{"line":635,"column":8},"end":{"line":640,"column":9}},"type":"if","locations":[{"start":{"line":635,"column":8},"end":{"line":640,"column":9}},{"start":{},"end":{}}],"line":635},"47":{"loc":{"start":{"line":651,"column":16},"end":{"line":654,"column":17}},"type":"if","locations":[{"start":{"line":651,"column":16},"end":{"line":654,"column":17}},{"start":{},"end":{}}],"line":651}},"s":{"0":0,"1":0,"2":0,"3":0,"4":0,"5":0,"6":0,"7":0,"8":0,"9":0,"10":0,"11":0,"12":0,"13":0,"14":0,"15":0,"16":0,"17":0,"18":0,"19":0,"20":0,"21":0,"22":0,"23":0,"24":0,"25":0,"26":0,"27":0,"28":0,"29":0,"30":0,"31":0,"32":0,"33":0,"34":0,"35":0,"36":0,"37":0,"38":0,"39":0,"40":0,"41":0,"42":0,"43":0,"44":0,"45":0,"46":0,"47":0,"48":0,"49":0,"50":0,"51":0,"52":0,"53":0,"54":0,"55":0,"56":0,"57":0,"58":0,"59":0,"60":0,"61":0,"62":0,"63":0,"64":0,"65":0,"66":0,"67":0,"68":0,"69":0,"70":0,"71":0,"72":0,"73":0,"74":0,"75":0,"76":0,"77":0,"78":0,"79":0,"80":0,"81":0,"82":0,"83":0,"84":0,"85":0,"86":0,"87":0,"88":0,"89":0,"90":0,"91":0,"92":0,"93":0,"94":0,"95":0,"96":0,"97":0,"98":0,"99":0,"100":0,"101":0,"102":0,"103":0,"104":0,"105":0,"106":0,"107":0,"108":0,"109":0,"110":0,"111":0,"112":0,"113":0,"114":0,"115":0,"116":0,"117":0,"118":0,"119":0,"120":0,"121":0,"122":0,"123":0,"124":0,"125":0,"126":0,"127":0,"128":0,"129":0,"130":0,"131":0,"132":0,"133":0,"134":0,"135":0,"136":0,"137":0,"138":0,"139":0,"140":0,"141":0,"142":0,"143":0,"144":0,"145":0,"146":0,"147":0,"148":0,"149":0,"150":0,"151":0,"152":0,"153":0,"154":0,"155":0,"156":0,"157":0,"158":0,"159":0,"160":0,"161":0,"162":0,"163":0,"164":0,"165":0,"166":0,"167":0,"168":0,"169":0,"170":0,"171":0,"172":0,"173":0,"174":0,"175":0,"176":0,"177":0,"178":0,"179":0,"180":0,"181":0,"182":0,"183":0,"184":0,"185":0,"186":0,"187":0,"188":0,"189":0,"190":0,"191":0,"192":0,"193":0,"194":0,"195":0,"196":0,"197":0,"198":0,"199":0,"200":0,"201":0,"202":0,"203":0,"204":0,"205":0,"206":0,"207":0,"208":0,"209":0,"210":0,"211":0,"212":0,"213":0,"214":0,"215":0,"216":0,"217":0,"218":0,"219":0,"220":0,"221":0,"222":0,"223":0,"224":0,"225":0,"226":0,"227":0,"228":0,"229":0,"230":0,"231":0,"232":0,"233":0,"234":0,"235":0,"236":0,"237":0,"238":0,"239":0,"240":0,"241":0,"242":0,"243":0,"244":0,"245":0,"246":0,"247":0,"248":0,"249":0,"250":0,"251":0,"252":0,"253":0,"254":0,"255":0,"256":0,"257":0,"258":0,"259":0,"260":0,"261":0,"262":0,"263":0,"264":0,"265":0,"266":0,"267":0,"268":0,"269":0,"270":0,"271":0,"272":0,"273":0,"274":0,"275":0,"276":0,"277":0,"278":0,"279":0,"280":0,"281":0,"282":0,"283":0,"284":0,"285":0,"286":0,"287":0,"288":0,"289":0,"290":0,"291":0,"292":0,"293":0,"294":0,"295":0,"296":0,"297":0,"298":0,"299":0,"300":0,"301":0,"302":0,"303":0,"304":0,"305":0,"306":0,"307":0,"308":0,"309":0,"310":0,"311":0,"312":0,"313":0,"314":0,"315":0,"316":0,"317":0,"318":0,"319":0,"320":0,"321":0,"322":0,"323":0,"324":0,"325":0,"326":0,"327":0,"328":0,"329":0,"330":0,"331":0,"332":0,"333":0,"334":0},"f":{"0":0,"1":0,"2":0,"3":0,"4":0,"5":0,"6":0,"7":0,"8":0,"9":0,"10":0,"11":0,"12":0,"13":0,"14":0,"15":0,"16":0,"17":0,"18":0,"19":0,"20":0,"21":0,"22":0,"23":0,"24":0,"25":0,"26":0,"27":0,"28":0,"29":0,"30":0,"31":0,"32":0,"33":0,"34":0,"35":0,"36":0,"37":0,"38":0,"39":0,"40":0,"41":0,"42":0,"43":0},"b":{"0":[0,0],"1":[0,0],"2":[0,0],"3":[0,0],"4":[0,0],"5":[0,0],"6":[0,0],"7":[0,0],"8":[0,0],"9":[0,0],"10":[0,0],"11":[0,0],"12":[0,0],"13":[0,0],"14":[0,0],"15":[0,0],"16":[0,0],"17":[0,0],"18":[0,0],"19":[0,0],"20":[0,0],"21":[0,0],"22":[0,0],"23":[0,0],"24":[0,0],"25":[0,0],"26":[0,0],"27":[0,0],"28":[0,0],"29":[0,0],"30":[0,0],"31":[0,0],"32":[0,0],"33":[0,0],"34":[0,0],"35":[0,0],"36":[0,0],"37":[0,0],"38":[0,0],"39":[0,0],"40":[0,0],"41":[0,0],"42":[0,0,0],"43":[0,0],"44":[0,0],"45":[0,0],"46":[0,0],"47":[0,0]}}
}
